Added Member To Class: ClassName=Sheet2 Member=Component C13 732-8851-1-ND
Added Member To Class: ClassName=Sheet2 Member=Component C14 399-C0805C104J5RAC7800TR-ND
Added Member To Class: ClassName=Sheet2 Member=Component C15 490-1642-2-ND
Added Member To Class: ClassName=Sheet2 Member=Component C16 490-1627-2-ND
Added Member To Class: ClassName=Sheet2 Member=Component C17 311-3498-2-ND
Added Member To Class: ClassName=Sheet2 Member=Component C18 399-C0805C101J5GAC7800TR-ND
Added Member To Class: ClassName=Sheet2 Member=Component C19 KGM21NR71H683JT
Added Member To Class: ClassName=Sheet2 Member=Component C20 C0805C104J5RAC7800
Added Member To Class: ClassName=Sheet2 Member=Component C21 C0805C104J5RAC7800
Added Member To Class: ClassName=Sheet2 Member=Component C22 (DIGIKEY Part Number)
Added Member To Class: ClassName=Sheet2 Member=Component C23 (DIGIKEY Part Number)
Added Member To Class: ClassName=Sheet2 Member=Component C24 C0805C104J5RAC7800
Added Member To Class: ClassName=Sheet2 Member=Component C25 C0805C104J5RAC7800
Added Member To Class: ClassName=Sheet2 Member=Component C27 490-18663-2-ND
Added Member To Class: ClassName=Sheet2 Member=Component C28 C0805C104J5RAC7800
Added Member To Class: ClassName=Sheet2 Member=Component D7 L62505TR-ND
Added Member To Class: ClassName=Sheet2 Member=Component D9 BAS21GWX
Added Member To Class: ClassName=Sheet2 Member=Component D10 BAS21GWX
Added Member To Class: ClassName=Sheet2 Member=Component H3 (DIGIKEY Part Number)
Added Member To Class: ClassName=Sheet2 Member=Component P4 A105225-ND
Added Member To Class: ClassName=Sheet2 Member=Component R11 13-RT1206BRE071RL-ND
Added Member To Class: ClassName=Sheet2 Member=Component R13 13-RT1206BRE071RL-ND
Added Member To Class: ClassName=Sheet2 Member=Component R15 A121556TR-ND
Added Member To Class: ClassName=Sheet2 Member=Component R17 A121556TR-ND
Added Member To Class: ClassName=Sheet2 Member=Component R19 A121556TR-ND
Added Member To Class: ClassName=Sheet2 Member=Component R21 RG20P10.0KBTR-ND
Added Member To Class: ClassName=Sheet2 Member=Component R23 ERA-6AEB473V
Added Member To Class: ClassName=Sheet2 Member=Component R25 P2.7KDATR-ND
Added Member To Class: ClassName=Sheet2 Member=Component R27 CPF0805B25KE1
Added Member To Class: ClassName=Sheet2 Member=Component R29 ERA-6AEB102V
Added Member To Class: ClassName=Sheet2 Member=Component R31 ERA-6AEB272V
Added Member To Class: ClassName=Sheet2 Member=Component R32 749-1374-2-ND
Added Member To Class: ClassName=Sheet2 Member=Component R35 13-AC0805FR-7W100RLTR-ND
Added Member To Class: ClassName=Sheet2 Member=Component R36 749-1374-2-ND
Added Member To Class: ClassName=Sheet2 Member=Component R37 CRS0805-FX-10R0ELFTR-ND
Added Member To Class: ClassName=Sheet2 Member=Component R38 RG2012P-103-B-T5
Added Member To Class: ClassName=Sheet2 Member=Component U4 LM2940SX-12/NOPBTR-ND
Added Member To Class: ClassName=Sheet2 Member=Component U5 1EDB8275FXUMA1
Added Room: Name=Sheet2
