Change Component Footprint: Designator=+ Output -1 Old Footprint=Phoenix Contact 2x Male Straight New Footprint=Phoenix Contact 2x2 Male Straight
Added Member To Class: ClassName=Sheet1 Member=Component C2 CBB23
Added Member To Class: ClassName=Sheet1 Member=Component C3 CBB23
Added Member To Class: ClassName=Sheet1 Member=Component C4 493-2587-ND
Added Member To Class: ClassName=Sheet1 Member=Component C5 UHV1V271MPD1TA-ND
Added Member To Class: ClassName=Sheet1 Member=Component C6 UHV1V271MPD1TA-ND
Added Member To Class: ClassName=Sheet1 Member=Component C7 UHV1V271MPD1TA-ND
Added Member To Class: ClassName=Sheet1 Member=Component C8 478-KGM21NR71H104JTTR-ND
Added Member To Class: ClassName=Sheet1 Member=Component C9 478-KGM21NR71H104JTTR-ND
Added Member To Class: ClassName=Sheet1 Member=Component C10 478-KGM21NR71H104JTTR-ND
Added Member To Class: ClassName=Sheet1 Member=Component C11 478-KGM21NR71H104JTTR-ND
Added Member To Class: ClassName=Sheet1 Member=Component C15 P15139-ND
Added Member To Class: ClassName=Sheet1 Member=Component C17 478-KGM21NR71H104JTTR-ND
Added Member To Class: ClassName=Sheet1 Member=Component C19 490-1627-2-ND
Added Member To Class: ClassName=Sheet1 Member=Component C21 399-C0805C101J5GAC7800TR-ND
Added Member To Class: ClassName=Sheet1 Member=Component C23 CC0805JKX7R9BB105
Added Member To Class: ClassName=Sheet1 Member=Component C25 C0805C104J5RAC7800
Added Member To Class: ClassName=Sheet1 Member=Component C26 C0805C104J5RAC7800
Added Member To Class: ClassName=Sheet1 Member=Component C27 732-8851-1-ND
Added Member To Class: ClassName=Sheet1 Member=Component C28 C0805C104J5RAC7800
Added Member To Class: ClassName=Sheet1 Member=Component C29 490-18663-2-ND
Added Member To Class: ClassName=Sheet1 Member=Component R19 TC0525B1001T5G
Added Member To Class: ClassName=Sheet1 Member=Component R20 ERA-6AEB473V
Added Member To Class: ClassName=Sheet1 Member=Component R22 P2.7KDATR-ND
Added Member To Class: ClassName=Sheet1 Member=Component R24 ERJ-P06F3002V-
Added Member To Class: ClassName=Sheet1 Member=Component R25 TC0525B1001T5G
Added Member To Class: ClassName=Sheet1 Member=Component R27 ERA-6AEB102V
Added Member To Class: ClassName=Sheet1 Member=Component R28 (DIGIKEY Part Number)
Added Member To Class: ClassName=Sheet1 Member=Component R30 TC0525B1001T5G
Added Member To Class: ClassName=Sheet1 Member=Component R32 TC0525B1001T5G
