Removed Pin From Net: NetName=GND Pin=C11-1
Removed Pin From Net: NetName=20V Pin=C11-2
Removed Pin From Net: NetName=GND Pin=C12-1
Removed Pin From Net: NetName=VCC Pin=C13-1
Removed Pin From Net: NetName=PGND Pin=C13-2
Removed Pin From Net: NetName=VCC Pin=C14-2
Removed Pin From Net: NetName=VFB Pin=C15-1
Removed Pin From Net: NetName=PGND Pin=C17-1
Removed Pin From Net: NetName=VREF Pin=C17-2
Removed Pin From Net: NetName=PGND Pin=C18-1
Removed Pin From Net: NetName=ISENSE Pin=C18-2
Removed Pin From Net: NetName=NetC19_1 Pin=C19-1
Removed Pin From Net: NetName=NetC19_1 Pin=C20-1
Removed Pin From Net: NetName=PGND Pin=C21-2
Removed Pin From Net: NetName=PGND Pin=C22-1
Removed Pin From Net: NetName=GND Pin=C23-2
Removed Pin From Net: NetName=PGND Pin=C25-1
Removed Pin From Net: NetName=VCC_LR Pin=C25-2
Removed Pin From Net: NetName=VCC Pin=C26-1
Removed Pin From Net: NetName=PGND Pin=C26-2
Removed Pin From Net: NetName=PGND Pin=C27-1
Removed Pin From Net: NetName=VCC Pin=C27-2
Removed Pin From Net: NetName=GND Pin=D6-1
Removed Pin From Net: NetName=GND Pin=D7-2
Removed Pin From Net: NetName=SRC_T Pin=D10-1
Removed Pin From Net: NetName=SRC_T Pin=D11-1
Removed Pin From Net: NetName=GATE_T Pin=D11-2
Removed Pin From Net: NetName=ISENSE_Power Pin=D13-1
Removed Pin From Net: NetName=ISENSE_Power Pin=D14-1
Removed Pin From Net: NetName=GATE_B Pin=D14-2
Removed Pin From Net: NetName=PWM Pin=P4-1
Removed Pin From Net: NetName=VCC Pin=P5-1
Removed Pin From Net: NetName=SRC_T Pin=Q4-3
Removed Pin From Net: NetName=ISENSE_Power Pin=Q5-3
Removed Pin From Net: NetName=VDCLINK Pin=R2-1
Removed Pin From Net: NetName=PGND Pin=R2-2
Removed Pin From Net: NetName=Vout Pin=R10-1
Removed Pin From Net: NetName=P_GND Pin=R14-1
Removed Pin From Net: NetName=ISENSE_Power Pin=R14-2
Removed Pin From Net: NetName=VDCLINK Pin=R15-1
Removed Pin From Net: NetName=VFB Pin=R16-1
Removed Pin From Net: NetName=PWM Pin=R18-2
Removed Pin From Net: NetName=VCC Pin=R19-2
Removed Pin From Net: NetName=VREF Pin=R20-2
Removed Pin From Net: NetName=ISENSE_Power Pin=R21-1
Removed Pin From Net: NetName=ISENSE Pin=R21-2
Removed Pin From Net: NetName=20V Pin=R22-1
Removed Pin From Net: NetName=Vout Pin=R24-1
Removed Pin From Net: NetName=NetC19_1 Pin=R24-2
Removed Pin From Net: NetName=VFB Pin=R26-1
Removed Pin From Net: NetName=Vout Pin=R27-1
Removed Pin From Net: NetName=NetC20_2 Pin=R28-2
Removed Pin From Net: NetName=PGND Pin=R29-2
Removed Pin From Net: NetName=NetC19_1 Pin=R31-1
Removed Pin From Net: NetName=GND Pin=R31-2
Removed Pin From Net: NetName=VCC Pin=R34-1
Removed Pin From Net: NetName=NetD8_1 Pin=R34-2
Removed Pin From Net: NetName=GATE_T Pin=R36-1
Removed Pin From Net: NetName=GATE_T Pin=R38-1
Removed Pin From Net: NetName=SRC_T Pin=R38-2
Removed Pin From Net: NetName=GATE_B Pin=R40-1
Removed Pin From Net: NetName=GATE_B Pin=R42-1
Removed Pin From Net: NetName=ISENSE_Power Pin=R42-2
Removed Pin From Net: NetName=PGND Pin=T2-1
Removed Pin From Net: NetName=NetC28_2 Pin=T2-3
Removed Pin From Net: NetName=SRC_T Pin=T2-4
Removed Pin From Net: NetName=ISENSE_Power Pin=T2-5
Removed Pin From Net: NetName=VCC Pin=U4-1
Removed Pin From Net: NetName=PGND Pin=U4-2
Removed Pin From Net: NetName=PGND Pin=U4-2
Removed Pin From Net: NetName=VCC_LR Pin=U4-3
Removed Pin From Net: NetName=VCC_LR Pin=U5-1
Removed Pin From Net: NetName=PWM Pin=U5-2
Removed Pin From Net: NetName=PGND Pin=U5-3
Removed Pin From Net: NetName=PGND Pin=U5-4
Removed Pin From Net: NetName=VCC_LR Pin=U5-5
Removed Pin From Net: NetName=NetR32_2 Pin=U5-7
Removed Pin From Net: NetName=PGND Pin=U5-8
Removed Member From Class: ClassName=Sheet2 Member=C29
Removed Member From Class: ClassName=Sheet2 Member=D11
Removed Member From Class: ClassName=Sheet2 Member=D12
Removed Member From Class: ClassName=Sheet2 Member=D13
Removed Member From Class: ClassName=Sheet2 Member=D14
Removed Member From Class: ClassName=Sheet2 Member=Q4
Removed Member From Class: ClassName=Sheet2 Member=Q5
Removed Member From Class: ClassName=Sheet2 Member=R2
Removed Member From Class: ClassName=Sheet2 Member=R39
Removed Member From Class: ClassName=Sheet2 Member=R40
Removed Member From Class: ClassName=Sheet2 Member=R41
Removed Member From Class: ClassName=Sheet2 Member=R42
Removed Member From Class: ClassName=Sheet2 Member=T2
Change Component Footprint: Designator=C13 Old Footprint=Capacitor Aluminum Electrolytic DIP 5*7.5*2.5 New Footprint=Capacitor Ceramic SMD 805
Change Component Footprint: Designator=C26 Old Footprint=Capacitor Aluminum Electrolytic DIP 5*7.5*2.5 New Footprint=Capacitor Ceramic SMD 805
Change Component Footprint: Designator=C25 Old Footprint=Capacitor Ceramic SMD 805 New Footprint=Capacitor Aluminum Electrolytic DIP 5*7.5*2.5
Change Component Footprint: Designator=C27 Old Footprint=Capacitor Ceramic SMD 805 New Footprint=Capacitor Ceramic SMD 1206
Change Component Footprint: Designator=C28 Old Footprint=Capacitor Ceramic SMD 805 New Footprint=Capacitor Ceramic SMD 1206
Change Component Footprint: Designator=C20 Old Footprint=Capacitor Ceramic SMD 805 New Footprint=Capacitor Polyester High Voltage DIP
Change Component Footprint: Designator=C21 Old Footprint=Capacitor Ceramic SMD 805 New Footprint=Capacitor Polyester High Voltage DIP
Change Component Footprint: Designator=C11 Old Footprint=Capacitor Ceramic SMD 1206 New Footprint=Capacitor Aluminum Electrolytic DIP 5*7.5*2.5
Change Component Footprint: Designator=C12 Old Footprint=Capacitor Ceramic SMD 1206 New Footprint=Capacitor Ceramic SMD 805
Change Component Footprint: Designator=C22 Old Footprint=Capacitor Polyester High Voltage DIP New Footprint=Capacitor Ceramic SMD 805
Change Component Footprint: Designator=C23 Old Footprint=Capacitor Polyester High Voltage DIP New Footprint=Capacitor Ceramic SMD 805
Change Component Footprint: Designator=D9 Old Footprint=Diode SMD SOD-123 New Footprint=Diode Zener SMD SOD-123 01
Change Component Footprint: Designator=D10 Old Footprint=Diode SMD SOD-123 New Footprint=Diode Zener SMD SOD-123 01
Change Component Footprint: Designator=D6 Old Footprint=Diode Zener SMD SOD-123 01 New Footprint=LED SMD 805 01
Change Component Footprint: Designator=U5 Old Footprint=Gate Driver 1EDB8275FXUMA1 SMD 01 New Footprint=Linear Regulator DIP TO-263
Change Component Footprint: Designator=P4 Old Footprint=Header 01 1x2 New Footprint=Phoenix Contact 2x Male Straight
Change Component Footprint: Designator=D7 Old Footprint=LED SMD 805 01 New Footprint=Diode Zener SMD SOD-123 01
Change Component Footprint: Designator=U4 Old Footprint=Linear Regulator DIP TO-263 New Footprint=Linear Regulator Isolated Module DC-DC DIP 01
Change Component Footprint: Designator=R10 Old Footprint=Resistor SMD 805 New Footprint=Resistor SMD 1206
Change Component Footprint: Designator=R31 Old Footprint=Resistor SMD 805 New Footprint=Resistor SMD 1206 MELF 01
Change Component Footprint: Designator=R35 Old Footprint=Resistor SMD 805 New Footprint=Resistor SMD 1206 MELF 01
Change Component Footprint: Designator=R29 Old Footprint=Resistor SMD 805 New Footprint=Resistor Variable DIP 02
Change Component Footprint: Designator=R14 Old Footprint=Resistor SMD 1206 New Footprint=Resistor SMD 805
Change Component Footprint: Designator=R33 Old Footprint=Resistor SMD 1206 MELF 01 New Footprint=Resistor SMD 805
Change Component Footprint: Designator=R30 Old Footprint=Resistor Variable DIP 02 New Footprint=Resistor SMD 805
Change Component Comment : Designator=C23 Old Comment=(DIGIKEY Part Number) New Comment=C0805C104J5RAC7800
Change Component Comment : Designator=C22 Old Comment=(DIGIKEY Part Number) New Comment=CC0805JKX7R9BB105
Change Component Comment : Designator=R30 Old Comment=(DIGIKEY Part Number) New Comment=ERA-6AEB272V
Change Component Comment : Designator=U5 Old Comment=1EDB8275FXUMA1 New Comment=LM2940SX-12/NOPBTR-ND
Change Component Comment : Designator=R35 Old Comment=13-AC0805FR-7W100RLTR-ND New Comment=749-1374-2-ND
Change Component Comment : Designator=R14 Old Comment=13-RT1206BRE071RL-ND New Comment=A121556TR-ND
Change Component Comment : Designator=C17 Old Comment=311-3498-2-ND New Comment=KGM21NR71H683JT
Change Component Comment : Designator=C18 Old Comment=399-C0805C101J5GAC7800TR-ND New Comment=C0805C104J5RAC7800
Change Component Comment : Designator=C14 Old Comment=399-C0805C104J5RAC7800TR-ND New Comment=490-1627-2-ND
Change Component Comment : Designator=C11 Old Comment=478-KGM21NR71H104JTTR-ND New Comment=732-8851-1-ND
Change Component Comment : Designator=C16 Old Comment=490-1627-2-ND New Comment=399-C0805C101J5GAC7800TR-ND
Change Component Comment : Designator=C15 Old Comment=490-1642-2-ND New Comment=311-3498-2-ND
Change Component Comment : Designator=C27 Old Comment=490-18663-2-ND New Comment=478-KGM21NR71H104JTTR-ND
Change Component Comment : Designator=P5 Old Comment=732-2088-ND New Comment=A105225-ND
Change Component Comment : Designator=C13 Old Comment=732-8851-1-ND New Comment=490-1642-2-ND
Change Component Comment : Designator=C26 Old Comment=732-8851-1-ND New Comment=490-18663-2-ND
Change Component Comment : Designator=R33 Old Comment=749-1374-2-ND New Comment=CPF0805B25KE1
Change Component Comment : Designator=P4 Old Comment=A105225-ND New Comment=732-2088-ND
Change Component Comment : Designator=R17 Old Comment=A121556TR-ND New Comment=MCU0805MZ0000ZP500
Change Component Comment : Designator=R19 Old Comment=A121556TR-ND New Comment=P8.66KDATR-ND
Change Component Comment : Designator=R15 Old Comment=A121556TR-ND New Comment=RG20P10.0KBTR-ND
Change Component Comment : Designator=D9 Old Comment=BAS21GWX New Comment=BZT52C18-7-F
Change Component Comment : Designator=D10 Old Comment=BAS21GWX New Comment=BZT52C20-7-F
Change Component Comment : Designator=D6 Old Comment=BZT52C20-7-F New Comment=L62505TR-ND
Change Component Comment : Designator=C25 Old Comment=C0805C104J5RAC7800 New Comment=732-8851-1-ND
Change Component Comment : Designator=C20 Old Comment=C0805C104J5RAC7800 New Comment=(DIGIKEY Part Number)
Change Component Comment : Designator=C21 Old Comment=C0805C104J5RAC7800 New Comment=(DIGIKEY Part Number)
Change Component Comment : Designator=C28 Old Comment=C0805C104J5RAC7800 New Comment=KGM21NR71H683JT
Change Component Comment : Designator=R27 Old Comment=CPF0805B25KE1 New Comment=P200KDATR-ND
Change Component Comment : Designator=R34 Old Comment=CPF0805B25KE1 New Comment=RG2012P-103-B-T5
Change Component Comment : Designator=R37 Old Comment=CRS0805-FX-10R0ELFTR-ND New Comment=RG2012P-103-B-T5
Change Component Comment : Designator=R29 Old Comment=ERA-6AEB102V New Comment=(DIGIKEY Part Number)
Change Component Comment : Designator=R31 Old Comment=ERA-6AEB272V New Comment=749-1374-2-ND
Change Component Comment : Designator=R24 Old Comment=ERA-6AEB473V New Comment=P2.7KDATR-ND
Change Component Comment : Designator=C12 Old Comment=KGM21NR71H683JT New Comment=399-C0805C104J5RAC7800TR-ND
Change Component Comment : Designator=C19 Old Comment=KGM21NR71H683JT New Comment=C0805C104J5RAC7800
Change Component Comment : Designator=D7 Old Comment=L62505TR-ND New Comment=BZT52C18-7-F
Change Component Comment : Designator=U4 Old Comment=LM2940SX-12/NOPBTR-ND New Comment=CRE1S1212SC
Change Component Comment : Designator=R18 Old Comment=MCU0805MZ0000ZP500 New Comment=A121556TR-ND
Change Component Comment : Designator=R10 Old Comment=P2.7KDATR-ND New Comment=13-RT1206BRE071RL-ND
Change Component Comment : Designator=R22 Old Comment=P2.7KDATR-ND New Comment=ERA-6AEB473V
Change Component Comment : Designator=R25 Old Comment=P2.7KDATR-ND New Comment=RG20P10.0KBTR-ND
Change Component Comment : Designator=R20 Old Comment=P8.66KDATR-ND New Comment=RG20P10.0KBTR-ND
Change Component Comment : Designator=R28 Old Comment=P200KDATR-ND New Comment=ERA-6AEB102V
Change Component Comment : Designator=R16 Old Comment=RG20P10.0KBTR-ND New Comment=A121556TR-ND
Change Component Comment : Designator=R26 Old Comment=RG20P10.0KBTR-ND New Comment=CPF0805B25KE1
Change Component Comment : Designator=R21 Old Comment=RG20P10.0KBTR-ND New Comment=P2.7KDATR-ND
Change Component Comment : Designator=R38 Old Comment=RG2012P-103-B-T5 New Comment=P2.7KDATR-ND
Change component parameters: Designator = "C11" ("C11"); Footprint = "Capacitor Ceramic SMD 1206"; UniqueID = "\LQIDTFLM" ("\LQIDTFLM")
Change component parameters (AddParameter): Name = "Availability"; Value = "Unavailable"; VariantName = "[No Variations]"
Change component parameters (AddParameter): Name = "MF"; Value = "Nichicon"; VariantName = "[No Variations]"
Change component parameters (AddParameter): Name = "MP"; Value = "UVR2A471MHD"; VariantName = "[No Variations]"
Change component parameters (AddParameter): Name = "Package"; Value = "Radial Nichicon"; VariantName = "[No Variations]"
Change component parameters (AddParameter): Name = "Price"; Value = "None"; VariantName = "[No Variations]"
Change component parameters (AddParameter): Name = "SnapEDA_Link"; Value = "https://www.snapeda.com/parts/UVR2A471MHD/Nichicon/view-part/2302933/?ref=snap"; VariantName = "[No Variations]"
Change component parameters (AddParameter): Name = "Supplier 1"; Value = "Digi-Key"; VariantName = "[No Variations]"
Change component parameters (AddParameter): Name = "Supplier Part Number 1"; Value = "1189-2012-ND"; VariantName = "[No Variations]"
Change component parameters (AddParameter): Name = "Value"; Value = "1uF, 50V"; VariantName = "[No Variations]"
Change component parameters: Designator = "C12" ("C12"); Footprint = "Capacitor Ceramic SMD 1206"; UniqueID = "\YCPWQYCG" ("\YCPWQYCG")
Change component parameters (AddParameter): Name = "Value"; Value = "0.1uF, 50V"; VariantName = "[No Variations]"
Change component parameters: Designator = "C13" ("C13"); Footprint = "Capacitor Aluminum Electrolytic DIP 5*7.5*2.5"; UniqueID = "\LYKNSREB" ("\LYKNSREB")
Change component parameters (AddParameter): Name = "Value"; Value = "10nF, 25V"; VariantName = "[No Variations]"
Change component parameters: Designator = "C14" ("C14"); Footprint = "Capacitor Ceramic SMD 805"; UniqueID = "\UDUKDFSK" ("\UDUKDFSK")
Change component parameters (AddParameter): Name = "Value"; Value = "2nF, 25V"; VariantName = "[No Variations]"
Change component parameters: Designator = "C15" ("C15"); Footprint = "Capacitor Ceramic SMD 805"; UniqueID = "\OTAOWBUE" ("\OTAOWBUE")
Change component parameters (AddParameter): Name = "Value"; Value = "1uF, 20V"; VariantName = "[No Variations]"
Change component parameters: Designator = "C16" ("C16"); Footprint = "Capacitor Ceramic SMD 805"; UniqueID = "\PHHUDEJW" ("\PHHUDEJW")
Change component parameters (AddParameter): Name = "Value"; Value = "100pF, 50V"; VariantName = "[No Variations]"
Change component parameters: Designator = "C17" ("C17"); Footprint = "Capacitor Ceramic SMD 805"; UniqueID = "\CHXPOPCB" ("\CHXPOPCB")
Change component parameters (AddParameter): Name = "Value"; Value = "68 nF, 50V"; VariantName = "[No Variations]"
Change component parameters: Designator = "C18" ("C18"); Footprint = "Capacitor Ceramic SMD 805"; UniqueID = "\AIRIZHYI" ("\AIRIZHYI")
Change component parameters (AddParameter): Name = "Value"; Value = "100nF, 50V"; VariantName = "[No Variations]"
Change component parameters: Designator = "C19" ("C19"); Footprint = "Capacitor Ceramic SMD 805"; UniqueID = "\AHIFGFPN" ("\AHIFGFPN")
Change component parameters (AddParameter): Name = "Value"; Value = "100nF, 50V"; VariantName = "[No Variations]"
Change component parameters: Designator = "C20" ("C20"); Footprint = "Capacitor Ceramic SMD 805"; UniqueID = "\TXOYBUPT" ("\TXOYBUPT")
Change component parameters (AddParameter): Name = "Value"; Value = "2.2 nF, 50V"; VariantName = "[No Variations]"
Change component parameters: Designator = "C21" ("C21"); Footprint = "Capacitor Ceramic SMD 805"; UniqueID = "\OWFVNFXC" ("\OWFVNFXC")
Change component parameters (AddParameter): Name = "Value"; Value = "2.2nF, 50V"; VariantName = "[No Variations]"
Change component parameters: Designator = "C22" ("C22"); Footprint = "Capacitor Polyester High Voltage DIP"; UniqueID = "\OLAQKOTV" ("\OLAQKOTV")
Change component parameters (AddParameter): Name = "Value"; Value = "1uF, 50V"; VariantName = "[No Variations]"
Change component parameters: Designator = "C23" ("C23"); Footprint = "Capacitor Polyester High Voltage DIP"; UniqueID = "\SMJZCJUX" ("\SMJZCJUX")
Change component parameters (AddParameter): Name = "Value"; Value = "100nF, 50V"; VariantName = "[No Variations]"
Change component parameters: Designator = "C25" ("C25"); Footprint = "Capacitor Ceramic SMD 805"; UniqueID = "\FDGTPNUK" ("\FDGTPNUK")
Change component parameters (AddParameter): Name = "Availability"; Value = "Unavailable"; VariantName = "[No Variations]"
Change component parameters (AddParameter): Name = "MF"; Value = "Nichicon"; VariantName = "[No Variations]"
Change component parameters (AddParameter): Name = "MP"; Value = "UVR2A471MHD"; VariantName = "[No Variations]"
Change component parameters (AddParameter): Name = "Package"; Value = "Radial Nichicon"; VariantName = "[No Variations]"
Change component parameters (AddParameter): Name = "Price"; Value = "None"; VariantName = "[No Variations]"
Change component parameters (AddParameter): Name = "SnapEDA_Link"; Value = "https://www.snapeda.com/parts/UVR2A471MHD/Nichicon/view-part/2302933/?ref=snap"; VariantName = "[No Variations]"
Change component parameters (AddParameter): Name = "Supplier 1"; Value = "Digi-Key"; VariantName = "[No Variations]"
Change component parameters (AddParameter): Name = "Supplier Part Number 1"; Value = "1189-2012-ND"; VariantName = "[No Variations]"
Change component parameters (AddParameter): Name = "Value"; Value = "1uF, 50V"; VariantName = "[No Variations]"
Change component parameters: Designator = "C26" ("C26"); Footprint = "Capacitor Aluminum Electrolytic DIP 5*7.5*2.5"; UniqueID = "\QDWPSYBR" ("\QDWPSYBR")
Change component parameters (AddParameter): Name = "Value"; Value = "10uF, 50V"; VariantName = "[No Variations]"
Change component parameters: Designator = "C27" ("C27"); Footprint = "Capacitor Ceramic SMD 805"; UniqueID = "\OZQLRFUG" ("\OZQLRFUG")
Change component parameters (AddParameter): Name = "Value"; Value = "100nF, 50V"; VariantName = "[No Variations]"
Change component parameters: Designator = "C28" ("C28"); Footprint = "Capacitor Ceramic SMD 805"; UniqueID = "\TSKINGSN" ("\TSKINGSN")
Change component parameters (AddParameter): Name = "Value"; Value = "68nF, 50V"; VariantName = "[No Variations]"
Change component parameters: Designator = "D6" ("D6"); Footprint = "Diode Zener SMD SOD-123 01"; UniqueID = "\FSQFEWEZ" ("\FSQFEWEZ")
Change component parameters (AddParameter): Name = "LatestRevisionDate"; Value = "17-Jul-2002"; VariantName = "[No Variations]"
Change component parameters (AddParameter): Name = "LatestRevisionNote"; Value = "Re-released for DXP Platform."; VariantName = "[No Variations]"
Change component parameters (AddParameter): Name = "PackageDescription"; Value = "SM LED; 2 Flat Leads"; VariantName = "[No Variations]"
Change component parameters (AddParameter): Name = "PackageReference"; Value = "3.2X1.6X1.1"; VariantName = "[No Variations]"
Change component parameters (AddParameter): Name = "PackageVersion"; Value = "Feb-2002"; VariantName = "[No Variations]"
Change component parameters (AddParameter): Name = "Published"; Value = "8-Jun-2000"; VariantName = "[No Variations]"
Change component parameters (AddParameter): Name = "Publisher"; Value = "Altium Limited"; VariantName = "[No Variations]"
Change component parameters: Designator = "D7" ("D7"); Footprint = "LED SMD 805 01"; UniqueID = "\SSDMIFEU" ("\SSDMIFEU")
Change component parameters (AddParameter): Name = "ComponentLink1Description"; Value = "Manufacturer Link"; VariantName = "[No Variations]"
Change component parameters (AddParameter): Name = "ComponentLink1URL"; Value = "http://www.irf.com/"; VariantName = "[No Variations]"
Change component parameters (AddParameter): Name = "ComponentLink2Description"; Value = "Datasheet"; VariantName = "[No Variations]"
Change component parameters (AddParameter): Name = "ComponentLink2URL"; Value = "http://www.irf.com/product-info/datasheets/data/18tq.pdf"; VariantName = "[No Variations]"
Change component parameters (AddParameter): Name = "DatasheetVersion"; Value = "Dec-1997"; VariantName = "[No Variations]"
Change component parameters (AddParameter): Name = "LatestRevisionDate"; Value = "17-Jul-2002"; VariantName = "[No Variations]"
Change component parameters (AddParameter): Name = "LatestRevisionNote"; Value = "Re-released for DXP Platform."; VariantName = "[No Variations]"
Change component parameters (AddParameter): Name = "Note"; Value = "Terminal 2 is the TAB and is electrically connected to the cathode"; VariantName = "[No Variations]"
Change component parameters (AddParameter): Name = "PackageDescription"; Value = "TO, Thru-Hole, Vertical, Heatsink Mounted; 3 In-Line Leads (1 Absent); Pitch 2.54 mm"; VariantName = "[No Variations]"
Change component parameters (AddParameter): Name = "PackageReference"; Value = "TO-220AC"; VariantName = "[No Variations]"
Change component parameters (AddParameter): Name = "PackageVersion"; Value = "Feb-1998"; VariantName = "[No Variations]"
Change component parameters (AddParameter): Name = "Published"; Value = "8-Jun-2000"; VariantName = "[No Variations]"
Change component parameters (AddParameter): Name = "Publisher"; Value = "Altium Limited"; VariantName = "[No Variations]"
Change component parameters: Designator = "D9" ("D9"); Footprint = "Diode SMD SOD-123"; UniqueID = "\GLXQYNSG" ("\GLXQYNSG")
Change component parameters (AddParameter): Name = "ComponentLink1Description"; Value = "Manufacturer Link"; VariantName = "[No Variations]"
Change component parameters (AddParameter): Name = "ComponentLink1URL"; Value = "http://www.irf.com/"; VariantName = "[No Variations]"
Change component parameters (AddParameter): Name = "ComponentLink2Description"; Value = "Datasheet"; VariantName = "[No Variations]"
Change component parameters (AddParameter): Name = "ComponentLink2URL"; Value = "http://www.irf.com/product-info/datasheets/data/18tq.pdf"; VariantName = "[No Variations]"
Change component parameters (AddParameter): Name = "DatasheetVersion"; Value = "Dec-1997"; VariantName = "[No Variations]"
Change component parameters (AddParameter): Name = "LatestRevisionDate"; Value = "17-Jul-2002"; VariantName = "[No Variations]"
Change component parameters (AddParameter): Name = "LatestRevisionNote"; Value = "Re-released for DXP Platform."; VariantName = "[No Variations]"
Change component parameters (AddParameter): Name = "Note"; Value = "Terminal 2 is the TAB and is electrically connected to the cathode"; VariantName = "[No Variations]"
Change component parameters (AddParameter): Name = "PackageDescription"; Value = "TO, Thru-Hole, Vertical, Heatsink Mounted; 3 In-Line Leads (1 Absent); Pitch 2.54 mm"; VariantName = "[No Variations]"
Change component parameters (AddParameter): Name = "PackageReference"; Value = "TO-220AC"; VariantName = "[No Variations]"
Change component parameters (AddParameter): Name = "PackageVersion"; Value = "Feb-1998"; VariantName = "[No Variations]"
Change component parameters (AddParameter): Name = "Published"; Value = "8-Jun-2000"; VariantName = "[No Variations]"
Change component parameters (AddParameter): Name = "Publisher"; Value = "Altium Limited"; VariantName = "[No Variations]"
Change component parameters: Designator = "D10" ("D10"); Footprint = "Diode SMD SOD-123"; UniqueID = "\QJSXHVZO" ("\QJSXHVZO")
Change component parameters (AddParameter): Name = "ComponentLink1Description"; Value = "Manufacturer Link"; VariantName = "[No Variations]"
Change component parameters (AddParameter): Name = "ComponentLink1URL"; Value = "http://www.irf.com/"; VariantName = "[No Variations]"
Change component parameters (AddParameter): Name = "ComponentLink2Description"; Value = "Datasheet"; VariantName = "[No Variations]"
Change component parameters (AddParameter): Name = "ComponentLink2URL"; Value = "http://www.irf.com/product-info/datasheets/data/18tq.pdf"; VariantName = "[No Variations]"
Change component parameters (AddParameter): Name = "DatasheetVersion"; Value = "Dec-1997"; VariantName = "[No Variations]"
Change component parameters (AddParameter): Name = "LatestRevisionDate"; Value = "17-Jul-2002"; VariantName = "[No Variations]"
Change component parameters (AddParameter): Name = "LatestRevisionNote"; Value = "Re-released for DXP Platform."; VariantName = "[No Variations]"
Change component parameters (AddParameter): Name = "Note"; Value = "Terminal 2 is the TAB and is electrically connected to the cathode"; VariantName = "[No Variations]"
Change component parameters (AddParameter): Name = "PackageDescription"; Value = "TO, Thru-Hole, Vertical, Heatsink Mounted; 3 In-Line Leads (1 Absent); Pitch 2.54 mm"; VariantName = "[No Variations]"
Change component parameters (AddParameter): Name = "PackageReference"; Value = "TO-220AC"; VariantName = "[No Variations]"
Change component parameters (AddParameter): Name = "PackageVersion"; Value = "Feb-1998"; VariantName = "[No Variations]"
Change component parameters (AddParameter): Name = "Published"; Value = "8-Jun-2000"; VariantName = "[No Variations]"
Change component parameters (AddParameter): Name = "Publisher"; Value = "Altium Limited"; VariantName = "[No Variations]"
Change component parameters: Designator = "R10" ("R10"); Footprint = "Resistor SMD 805"; UniqueID = "\NVMZRDMV" ("\NVMZRDMV")
Change component parameters (AddParameter): Name = "LatestRevisionDate"; Value = "17-Jul-2002"; VariantName = "[No Variations]"
Change component parameters (AddParameter): Name = "LatestRevisionNote"; Value = "Re-released for DXP Platform."; VariantName = "[No Variations]"
Change component parameters (AddParameter): Name = "PackageDescription"; Value = "Axial Device, Thru-Hole; 2 Leads; 0.3 in Pin Spacing"; VariantName = "[No Variations]"
Change component parameters (AddParameter): Name = "PackageReference"; Value = "AXIAL-0.3"; VariantName = "[No Variations]"
Change component parameters (AddParameter): Name = "Published"; Value = "8-Jun-2000"; VariantName = "[No Variations]"
Change component parameters (AddParameter): Name = "Publisher"; Value = "Altium Limited"; VariantName = "[No Variations]"
Change component parameters (AddParameter): Name = "Value"; Value = "1 Ohm"; VariantName = "[No Variations]"
Change component parameters: Designator = "R14" ("R14"); Footprint = "Resistor SMD 1206"; UniqueID = "\WHWQRNJQ" ("\WHWQRNJQ")
Change component parameters (AddParameter): Name = "LatestRevisionDate"; Value = "17-Jul-2002"; VariantName = "[No Variations]"
Change component parameters (AddParameter): Name = "LatestRevisionNote"; Value = "Re-released for DXP Platform."; VariantName = "[No Variations]"
Change component parameters (AddParameter): Name = "PackageDescription"; Value = "Axial Device, Thru-Hole; 2 Leads; 0.3 in Pin Spacing"; VariantName = "[No Variations]"
Change component parameters (AddParameter): Name = "PackageReference"; Value = "AXIAL-0.3"; VariantName = "[No Variations]"
Change component parameters (AddParameter): Name = "Published"; Value = "8-Jun-2000"; VariantName = "[No Variations]"
Change component parameters (AddParameter): Name = "Publisher"; Value = "Altium Limited"; VariantName = "[No Variations]"
Change component parameters (AddParameter): Name = "Value"; Value = "25 K"; VariantName = "[No Variations]"
Change component parameters: Designator = "R15" ("R15"); Footprint = "Resistor SMD 805"; UniqueID = "\RNWTFIJP" ("\RNWTFIJP")
Change component parameters (AddParameter): Name = "LatestRevisionDate"; Value = "17-Jul-2002"; VariantName = "[No Variations]"
Change component parameters (AddParameter): Name = "LatestRevisionNote"; Value = "Re-released for DXP Platform."; VariantName = "[No Variations]"
Change component parameters (AddParameter): Name = "PackageDescription"; Value = "Axial Device, Thru-Hole; 2 Leads; 0.3 in Pin Spacing"; VariantName = "[No Variations]"
Change component parameters (AddParameter): Name = "PackageReference"; Value = "AXIAL-0.3"; VariantName = "[No Variations]"
Change component parameters (AddParameter): Name = "Published"; Value = "8-Jun-2000"; VariantName = "[No Variations]"
Change component parameters (AddParameter): Name = "Publisher"; Value = "Altium Limited"; VariantName = "[No Variations]"
Change component parameters (AddParameter): Name = "Value"; Value = "10 K"; VariantName = "[No Variations]"
Change component parameters: Designator = "R16" ("R16"); Footprint = "Resistor SMD 805"; UniqueID = "\AHGLKMHT" ("\AHGLKMHT")
Change component parameters (AddParameter): Name = "LatestRevisionDate"; Value = "17-Jul-2002"; VariantName = "[No Variations]"
Change component parameters (AddParameter): Name = "LatestRevisionNote"; Value = "Re-released for DXP Platform."; VariantName = "[No Variations]"
Change component parameters (AddParameter): Name = "PackageDescription"; Value = "Axial Device, Thru-Hole; 2 Leads; 0.3 in Pin Spacing"; VariantName = "[No Variations]"
Change component parameters (AddParameter): Name = "PackageReference"; Value = "AXIAL-0.3"; VariantName = "[No Variations]"
Change component parameters (AddParameter): Name = "Published"; Value = "8-Jun-2000"; VariantName = "[No Variations]"
Change component parameters (AddParameter): Name = "Publisher"; Value = "Altium Limited"; VariantName = "[No Variations]"
Change component parameters (AddParameter): Name = "Value"; Value = "25 K"; VariantName = "[No Variations]"
Change component parameters: Designator = "R17" ("R17"); Footprint = "Resistor SMD 805"; UniqueID = "\FXUDVHAJ" ("\FXUDVHAJ")
Change component parameters (AddParameter): Name = "LatestRevisionDate"; Value = "17-Jul-2002"; VariantName = "[No Variations]"
Change component parameters (AddParameter): Name = "LatestRevisionNote"; Value = "Re-released for DXP Platform."; VariantName = "[No Variations]"
Change component parameters (AddParameter): Name = "PackageDescription"; Value = "Axial Device, Thru-Hole; 2 Leads; 0.3 in Pin Spacing"; VariantName = "[No Variations]"
Change component parameters (AddParameter): Name = "PackageReference"; Value = "AXIAL-0.3"; VariantName = "[No Variations]"
Change component parameters (AddParameter): Name = "Published"; Value = "8-Jun-2000"; VariantName = "[No Variations]"
Change component parameters (AddParameter): Name = "Publisher"; Value = "Altium Limited"; VariantName = "[No Variations]"
Change component parameters (AddParameter): Name = "Value"; Value = ""; VariantName = "[No Variations]"
Change component parameters: Designator = "R18" ("R18"); Footprint = "Resistor SMD 805"; UniqueID = "\HPLGSQXB" ("\HPLGSQXB")
Change component parameters (AddParameter): Name = "LatestRevisionDate"; Value = "17-Jul-2002"; VariantName = "[No Variations]"
Change component parameters (AddParameter): Name = "LatestRevisionNote"; Value = "Re-released for DXP Platform."; VariantName = "[No Variations]"
Change component parameters (AddParameter): Name = "PackageDescription"; Value = "Axial Device, Thru-Hole; 2 Leads; 0.3 in Pin Spacing"; VariantName = "[No Variations]"
Change component parameters (AddParameter): Name = "PackageReference"; Value = "AXIAL-0.3"; VariantName = "[No Variations]"
Change component parameters (AddParameter): Name = "Published"; Value = "8-Jun-2000"; VariantName = "[No Variations]"
Change component parameters (AddParameter): Name = "Publisher"; Value = "Altium Limited"; VariantName = "[No Variations]"
Change component parameters (AddParameter): Name = "Value"; Value = "25 K"; VariantName = "[No Variations]"
Change component parameters: Designator = "R19" ("R19"); Footprint = "Resistor SMD 805"; UniqueID = "\DOXDDHSH" ("\DOXDDHSH")
Change component parameters (AddParameter): Name = "LatestRevisionDate"; Value = "17-Jul-2002"; VariantName = "[No Variations]"
Change component parameters (AddParameter): Name = "LatestRevisionNote"; Value = "Re-released for DXP Platform."; VariantName = "[No Variations]"
Change component parameters (AddParameter): Name = "PackageDescription"; Value = "Axial Device, Thru-Hole; 2 Leads; 0.3 in Pin Spacing"; VariantName = "[No Variations]"
Change component parameters (AddParameter): Name = "PackageReference"; Value = "AXIAL-0.3"; VariantName = "[No Variations]"
Change component parameters (AddParameter): Name = "Published"; Value = "8-Jun-2000"; VariantName = "[No Variations]"
Change component parameters (AddParameter): Name = "Publisher"; Value = "Altium Limited"; VariantName = "[No Variations]"
Change component parameters (AddParameter): Name = "Value"; Value = "8.6 K"; VariantName = "[No Variations]"
Change component parameters: Designator = "R20" ("R20"); Footprint = "Resistor SMD 805"; UniqueID = "\QNYIUWMU" ("\QNYIUWMU")
Change component parameters (AddParameter): Name = "LatestRevisionDate"; Value = "17-Jul-2002"; VariantName = "[No Variations]"
Change component parameters (AddParameter): Name = "LatestRevisionNote"; Value = "Re-released for DXP Platform."; VariantName = "[No Variations]"
Change component parameters (AddParameter): Name = "PackageDescription"; Value = "Axial Device, Thru-Hole; 2 Leads; 0.3 in Pin Spacing"; VariantName = "[No Variations]"
Change component parameters (AddParameter): Name = "PackageReference"; Value = "AXIAL-0.3"; VariantName = "[No Variations]"
Change component parameters (AddParameter): Name = "Published"; Value = "8-Jun-2000"; VariantName = "[No Variations]"
Change component parameters (AddParameter): Name = "Publisher"; Value = "Altium Limited"; VariantName = "[No Variations]"
Change component parameters (AddParameter): Name = "Value"; Value = "10 K"; VariantName = "[No Variations]"
Change component parameters: Designator = "R21" ("R21"); Footprint = "Resistor SMD 805"; UniqueID = "\GKDDWJHA" ("\GKDDWJHA")
Change component parameters (AddParameter): Name = "LatestRevisionDate"; Value = "17-Jul-2002"; VariantName = "[No Variations]"
Change component parameters (AddParameter): Name = "LatestRevisionNote"; Value = "Re-released for DXP Platform."; VariantName = "[No Variations]"
Change component parameters (AddParameter): Name = "PackageDescription"; Value = "Axial Device, Thru-Hole; 2 Leads; 0.3 in Pin Spacing"; VariantName = "[No Variations]"
Change component parameters (AddParameter): Name = "PackageReference"; Value = "AXIAL-0.3"; VariantName = "[No Variations]"
Change component parameters (AddParameter): Name = "Published"; Value = "8-Jun-2000"; VariantName = "[No Variations]"
Change component parameters (AddParameter): Name = "Publisher"; Value = "Altium Limited"; VariantName = "[No Variations]"
Change component parameters (AddParameter): Name = "Value"; Value = "2.7 K"; VariantName = "[No Variations]"
Change component parameters: Designator = "R22" ("R22"); Footprint = "Resistor SMD 805"; UniqueID = "\MAZNJOAP" ("\MAZNJOAP")
Change component parameters (AddParameter): Name = "LatestRevisionDate"; Value = "17-Jul-2002"; VariantName = "[No Variations]"
Change component parameters (AddParameter): Name = "LatestRevisionNote"; Value = "Re-released for DXP Platform."; VariantName = "[No Variations]"
Change component parameters (AddParameter): Name = "PackageDescription"; Value = "Axial Device, Thru-Hole; 2 Leads; 0.3 in Pin Spacing"; VariantName = "[No Variations]"
Change component parameters (AddParameter): Name = "PackageReference"; Value = "AXIAL-0.3"; VariantName = "[No Variations]"
Change component parameters (AddParameter): Name = "Published"; Value = "8-Jun-2000"; VariantName = "[No Variations]"
Change component parameters (AddParameter): Name = "Publisher"; Value = "Altium Limited"; VariantName = "[No Variations]"
Change component parameters (AddParameter): Name = "Value"; Value = "47 K"; VariantName = "[No Variations]"
Change component parameters: Designator = "R24" ("R24"); Footprint = "Resistor SMD 805"; UniqueID = "\CTAWNFDL" ("\CTAWNFDL")
Change component parameters (AddParameter): Name = "LatestRevisionDate"; Value = "17-Jul-2002"; VariantName = "[No Variations]"
Change component parameters (AddParameter): Name = "LatestRevisionNote"; Value = "Re-released for DXP Platform."; VariantName = "[No Variations]"
Change component parameters (AddParameter): Name = "PackageDescription"; Value = "Axial Device, Thru-Hole; 2 Leads; 0.3 in Pin Spacing"; VariantName = "[No Variations]"
Change component parameters (AddParameter): Name = "PackageReference"; Value = "AXIAL-0.3"; VariantName = "[No Variations]"
Change component parameters (AddParameter): Name = "Published"; Value = "8-Jun-2000"; VariantName = "[No Variations]"
Change component parameters (AddParameter): Name = "Publisher"; Value = "Altium Limited"; VariantName = "[No Variations]"
Change component parameters (AddParameter): Name = "Value"; Value = "2.7 K"; VariantName = "[No Variations]"
Change component parameters: Designator = "R25" ("R25"); Footprint = "Resistor SMD 805"; UniqueID = "\KOREDHQX" ("\KOREDHQX")
Change component parameters (AddParameter): Name = "LatestRevisionDate"; Value = "17-Jul-2002"; VariantName = "[No Variations]"
Change component parameters (AddParameter): Name = "LatestRevisionNote"; Value = "Re-released for DXP Platform."; VariantName = "[No Variations]"
Change component parameters (AddParameter): Name = "PackageDescription"; Value = "Axial Device, Thru-Hole; 2 Leads; 0.3 in Pin Spacing"; VariantName = "[No Variations]"
Change component parameters (AddParameter): Name = "PackageReference"; Value = "AXIAL-0.3"; VariantName = "[No Variations]"
Change component parameters (AddParameter): Name = "Published"; Value = "8-Jun-2000"; VariantName = "[No Variations]"
Change component parameters (AddParameter): Name = "Publisher"; Value = "Altium Limited"; VariantName = "[No Variations]"
Change component parameters (AddParameter): Name = "Value"; Value = "10 K"; VariantName = "[No Variations]"
Change component parameters: Designator = "R26" ("R26"); Footprint = "Resistor SMD 805"; UniqueID = "\WLMJFULI" ("\WLMJFULI")
Change component parameters (AddParameter): Name = "LatestRevisionDate"; Value = "17-Jul-2002"; VariantName = "[No Variations]"
Change component parameters (AddParameter): Name = "LatestRevisionNote"; Value = "Re-released for DXP Platform."; VariantName = "[No Variations]"
Change component parameters (AddParameter): Name = "PackageDescription"; Value = "Axial Device, Thru-Hole; 2 Leads; 0.3 in Pin Spacing"; VariantName = "[No Variations]"
Change component parameters (AddParameter): Name = "PackageReference"; Value = "AXIAL-0.3"; VariantName = "[No Variations]"
Change component parameters (AddParameter): Name = "Published"; Value = "8-Jun-2000"; VariantName = "[No Variations]"
Change component parameters (AddParameter): Name = "Publisher"; Value = "Altium Limited"; VariantName = "[No Variations]"
Change component parameters (AddParameter): Name = "Value"; Value = "25 K"; VariantName = "[No Variations]"
Change component parameters: Designator = "R27" ("R27"); Footprint = "Resistor SMD 805"; UniqueID = "\DAGUQVAJ" ("\DAGUQVAJ")
Change component parameters (AddParameter): Name = "LatestRevisionDate"; Value = "17-Jul-2002"; VariantName = "[No Variations]"
Change component parameters (AddParameter): Name = "LatestRevisionNote"; Value = "Re-released for DXP Platform."; VariantName = "[No Variations]"
Change component parameters (AddParameter): Name = "PackageDescription"; Value = "Axial Device, Thru-Hole; 2 Leads; 0.3 in Pin Spacing"; VariantName = "[No Variations]"
Change component parameters (AddParameter): Name = "PackageReference"; Value = "AXIAL-0.3"; VariantName = "[No Variations]"
Change component parameters (AddParameter): Name = "Published"; Value = "8-Jun-2000"; VariantName = "[No Variations]"
Change component parameters (AddParameter): Name = "Publisher"; Value = "Altium Limited"; VariantName = "[No Variations]"
Change component parameters (AddParameter): Name = "Value"; Value = "200 K"; VariantName = "[No Variations]"
Change component parameters: Designator = "R28" ("R28"); Footprint = "Resistor SMD 805"; UniqueID = "\AOWCGPRH" ("\AOWCGPRH")
Change component parameters (AddParameter): Name = "LatestRevisionDate"; Value = "17-Jul-2002"; VariantName = "[No Variations]"
Change component parameters (AddParameter): Name = "LatestRevisionNote"; Value = "Re-released for DXP Platform."; VariantName = "[No Variations]"
Change component parameters (AddParameter): Name = "PackageDescription"; Value = "Axial Device, Thru-Hole; 2 Leads; 0.3 in Pin Spacing"; VariantName = "[No Variations]"
Change component parameters (AddParameter): Name = "PackageReference"; Value = "AXIAL-0.3"; VariantName = "[No Variations]"
Change component parameters (AddParameter): Name = "Published"; Value = "8-Jun-2000"; VariantName = "[No Variations]"
Change component parameters (AddParameter): Name = "Publisher"; Value = "Altium Limited"; VariantName = "[No Variations]"
Change component parameters (AddParameter): Name = "Value"; Value = "1 K"; VariantName = "[No Variations]"
Change component parameters: Designator = "R29" ("R29"); Footprint = "Resistor SMD 805"; UniqueID = "\RQSKSNIL" ("\RQSKSNIL")
Change component parameters (AddParameter): Name = "LatestRevisionDate"; Value = "17-Jul-2002"; VariantName = "[No Variations]"
Change component parameters (AddParameter): Name = "LatestRevisionNote"; Value = "Re-released for DXP Platform."; VariantName = "[No Variations]"
Change component parameters (AddParameter): Name = "PackageDescription"; Value = "Axial Device, Thru-Hole; 2 Leads; 0.7 in Pin Spacing"; VariantName = "[No Variations]"
Change component parameters (AddParameter): Name = "PackageReference"; Value = "AXIAL-0.7"; VariantName = "[No Variations]"
Change component parameters (AddParameter): Name = "Published"; Value = "8-Jun-2000"; VariantName = "[No Variations]"
Change component parameters (AddParameter): Name = "Publisher"; Value = "Altium Limited"; VariantName = "[No Variations]"
Change component parameters (AddParameter): Name = "Set Position"; Value = "0.5"; VariantName = "[No Variations]"
Change component parameters (AddParameter): Name = "Supplier 1"; Value = "Digi-Key"; VariantName = "[No Variations]"
Change component parameters (AddParameter): Name = "Supplier Part Number 1"; Value = "3252W-103LF-ND"; VariantName = "[No Variations]"
Change component parameters (AddParameter): Name = "Value"; Value = "20K"; VariantName = "[No Variations]"
Change component parameters: Designator = "R30" ("R30"); Footprint = "Resistor Variable DIP 02"; UniqueID = "\MRNNHWMW" ("\MRNNHWMW")
Change component parameters (AddParameter): Name = "LatestRevisionDate"; Value = "17-Jul-2002"; VariantName = "[No Variations]"
Change component parameters (AddParameter): Name = "LatestRevisionNote"; Value = "Re-released for DXP Platform."; VariantName = "[No Variations]"
Change component parameters (AddParameter): Name = "PackageDescription"; Value = "Axial Device, Thru-Hole; 2 Leads; 0.3 in Pin Spacing"; VariantName = "[No Variations]"
Change component parameters (AddParameter): Name = "PackageReference"; Value = "AXIAL-0.3"; VariantName = "[No Variations]"
Change component parameters (AddParameter): Name = "Published"; Value = "8-Jun-2000"; VariantName = "[No Variations]"
Change component parameters (AddParameter): Name = "Publisher"; Value = "Altium Limited"; VariantName = "[No Variations]"
Change component parameters (AddParameter): Name = "Value"; Value = "2.7 K"; VariantName = "[No Variations]"
Change component parameters: Designator = "R31" ("R31"); Footprint = "Resistor SMD 805"; UniqueID = "\SEBDLGOY" ("\SEBDLGOY")
Change component parameters (AddParameter): Name = "LatestRevisionDate"; Value = "17-Jul-2002"; VariantName = "[No Variations]"
Change component parameters (AddParameter): Name = "LatestRevisionNote"; Value = "Re-released for DXP Platform."; VariantName = "[No Variations]"
Change component parameters (AddParameter): Name = "PackageDescription"; Value = "Axial Device, Thru-Hole; 2 Leads; 0.3 in Pin Spacing"; VariantName = "[No Variations]"
Change component parameters (AddParameter): Name = "PackageReference"; Value = "AXIAL-0.3"; VariantName = "[No Variations]"
Change component parameters (AddParameter): Name = "Published"; Value = "8-Jun-2000"; VariantName = "[No Variations]"
Change component parameters (AddParameter): Name = "Publisher"; Value = "Altium Limited"; VariantName = "[No Variations]"
Change component parameters (AddParameter): Name = "Value"; Value = "5.6"; VariantName = "[No Variations]"
Change component parameters: Designator = "R33" ("R33"); Footprint = "Resistor SMD 1206 MELF 01"; UniqueID = "\COTJHAYU" ("\COTJHAYU")
Change component parameters (AddParameter): Name = "LatestRevisionDate"; Value = "17-Jul-2002"; VariantName = "[No Variations]"
Change component parameters (AddParameter): Name = "LatestRevisionNote"; Value = "Re-released for DXP Platform."; VariantName = "[No Variations]"
Change component parameters (AddParameter): Name = "PackageDescription"; Value = "Axial Device, Thru-Hole; 2 Leads; 0.3 in Pin Spacing"; VariantName = "[No Variations]"
Change component parameters (AddParameter): Name = "PackageReference"; Value = "AXIAL-0.3"; VariantName = "[No Variations]"
Change component parameters (AddParameter): Name = "Published"; Value = "8-Jun-2000"; VariantName = "[No Variations]"
Change component parameters (AddParameter): Name = "Publisher"; Value = "Altium Limited"; VariantName = "[No Variations]"
Change component parameters (AddParameter): Name = "Value"; Value = "25 K"; VariantName = "[No Variations]"
Change component parameters: Designator = "R34" ("R34"); Footprint = "Resistor SMD 805"; UniqueID = "\ZGKOFMFQ" ("\ZGKOFMFQ")
Change component parameters (AddParameter): Name = "LatestRevisionDate"; Value = "17-Jul-2002"; VariantName = "[No Variations]"
Change component parameters (AddParameter): Name = "LatestRevisionNote"; Value = "Re-released for DXP Platform."; VariantName = "[No Variations]"
Change component parameters (AddParameter): Name = "PackageDescription"; Value = "Axial Device, Thru-Hole; 2 Leads; 0.3 in Pin Spacing"; VariantName = "[No Variations]"
Change component parameters (AddParameter): Name = "PackageReference"; Value = "AXIAL-0.3"; VariantName = "[No Variations]"
Change component parameters (AddParameter): Name = "Published"; Value = "8-Jun-2000"; VariantName = "[No Variations]"
Change component parameters (AddParameter): Name = "Publisher"; Value = "Altium Limited"; VariantName = "[No Variations]"
Change component parameters (AddParameter): Name = "Value"; Value = "10 K"; VariantName = "[No Variations]"
Change component parameters: Designator = "R35" ("R35"); Footprint = "Resistor SMD 805"; UniqueID = "\KJMLFYQG" ("\KJMLFYQG")
Change component parameters (AddParameter): Name = "LatestRevisionDate"; Value = "17-Jul-2002"; VariantName = "[No Variations]"
Change component parameters (AddParameter): Name = "LatestRevisionNote"; Value = "Re-released for DXP Platform."; VariantName = "[No Variations]"
Change component parameters (AddParameter): Name = "PackageDescription"; Value = "Axial Device, Thru-Hole; 2 Leads; 0.3 in Pin Spacing"; VariantName = "[No Variations]"
Change component parameters (AddParameter): Name = "PackageReference"; Value = "AXIAL-0.3"; VariantName = "[No Variations]"
Change component parameters (AddParameter): Name = "Published"; Value = "8-Jun-2000"; VariantName = "[No Variations]"
Change component parameters (AddParameter): Name = "Publisher"; Value = "Altium Limited"; VariantName = "[No Variations]"
Change component parameters (AddParameter): Name = "Value"; Value = "5.6"; VariantName = "[No Variations]"
Change component parameters: Designator = "R37" ("R37"); Footprint = "Resistor SMD 805"; UniqueID = "\FTCAEKTR" ("\FTCAEKTR")
Change component parameters (AddParameter): Name = "LatestRevisionDate"; Value = "17-Jul-2002"; VariantName = "[No Variations]"
Change component parameters (AddParameter): Name = "LatestRevisionNote"; Value = "Re-released for DXP Platform."; VariantName = "[No Variations]"
Change component parameters (AddParameter): Name = "PackageDescription"; Value = "Axial Device, Thru-Hole; 2 Leads; 0.3 in Pin Spacing"; VariantName = "[No Variations]"
Change component parameters (AddParameter): Name = "PackageReference"; Value = "AXIAL-0.3"; VariantName = "[No Variations]"
Change component parameters (AddParameter): Name = "Published"; Value = "8-Jun-2000"; VariantName = "[No Variations]"
Change component parameters (AddParameter): Name = "Publisher"; Value = "Altium Limited"; VariantName = "[No Variations]"
Change component parameters (AddParameter): Name = "Value"; Value = "10 K"; VariantName = "[No Variations]"
Change component parameters: Designator = "R38" ("R38"); Footprint = "Resistor SMD 805"; UniqueID = "\GDTILWWA" ("\GDTILWWA")
Change component parameters (AddParameter): Name = "LatestRevisionDate"; Value = "17-Jul-2002"; VariantName = "[No Variations]"
Change component parameters (AddParameter): Name = "LatestRevisionNote"; Value = "Re-released for DXP Platform."; VariantName = "[No Variations]"
Change component parameters (AddParameter): Name = "PackageDescription"; Value = "Axial Device, Thru-Hole; 2 Leads; 0.3 in Pin Spacing"; VariantName = "[No Variations]"
Change component parameters (AddParameter): Name = "PackageReference"; Value = "AXIAL-0.3"; VariantName = "[No Variations]"
Change component parameters (AddParameter): Name = "Published"; Value = "8-Jun-2000"; VariantName = "[No Variations]"
Change component parameters (AddParameter): Name = "Publisher"; Value = "Altium Limited"; VariantName = "[No Variations]"
Change component parameters (AddParameter): Name = "Value"; Value = "2.7 K"; VariantName = "[No Variations]"
Change component parameters: Designator = "U4" ("U4"); Footprint = "Linear Regulator DIP TO-263"; UniqueID = "\KIWCGLPU" ("\KIWCGLPU")
Change component parameters (AddParameter): Name = "Category"; Value = "Board Mount Modules"; VariantName = "[No Variations]"
Change component parameters (AddParameter): Name = "ComponentLink1Description"; Value = "http://www.farnell.com/datasheets/2625583.pdf?src-supplier=Farnell"; VariantName = "[No Variations]"
Change component parameters (AddParameter): Name = "ComponentLink1URL"; Value = "http://www.farnell.com/datasheets/2625583.pdf?src-supplier=Farnell"; VariantName = "[No Variations]"
Change component parameters (AddParameter): Name = "ComponentLink2Description"; Value = "http://www.farnell.com/datasheets/2625583.pdf?src-supplier=Newark"; VariantName = "[No Variations]"
Change component parameters (AddParameter): Name = "ComponentLink2URL"; Value = "http://www.farnell.com/datasheets/2625583.pdf?src-supplier=Newark"; VariantName = "[No Variations]"
Change component parameters (AddParameter): Name = "ComponentLink3Description"; Value = "https://datasheet.octopart.com/CRE1S1212SC-Murata-Power-Solutions-datasheet-68519345.pdf?src-supplier=Element14"; VariantName = "[No Variations]"
Change component parameters (AddParameter): Name = "ComponentLink3URL"; Value = "https://datasheet.octopart.com/CRE1S1212SC-Murata-Power-Solutions-datasheet-68519345.pdf?src-supplier=Element14"; VariantName = "[No Variations]"
Change component parameters (AddParameter): Name = "ComponentLink4Description"; Value = "https://power.murata.com/data/power/ncl/kdc_cre1.pdf?src-supplier=Digikey"; VariantName = "[No Variations]"
Change component parameters (AddParameter): Name = "ComponentLink4URL"; Value = "https://power.murata.com/data/power/ncl/kdc_cre1.pdf?src-supplier=Digikey"; VariantName = "[No Variations]"
Change component parameters (AddParameter): Name = "ComponentLink5Description"; Value = "https://datasheet.octopart.com/CRE1S1212SC-Murata-Power-Solutions-datasheet-159768755.pdf?src-supplier=TME"; VariantName = "[No Variations]"
Change component parameters (AddParameter): Name = "ComponentLink5URL"; Value = "https://datasheet.octopart.com/CRE1S1212SC-Murata-Power-Solutions-datasheet-159768755.pdf?src-supplier=TME"; VariantName = "[No Variations]"
Change component parameters (AddParameter): Name = "Manufacturer"; Value = "Murata"; VariantName = "[No Variations]"
Change component parameters (AddParameter): Name = "Manufacturer Part Number"; Value = "CRE1S1212SC"; VariantName = "[No Variations]"
Change component parameters (AddParameter): Name = "Pricing"; Value = "1=2.98, 10=2.94, 50=2.66, 100=2.66, 1000=2.52, 10000=2.52 (USD)"; VariantName = "[No Variations]"
Change component parameters (AddParameter): Name = "RoHS"; Value = "Yes"; VariantName = "[No Variations]"
Change component parameters (AddParameter): Name = "Stock"; Value = "95"; VariantName = "[No Variations]"
Change component parameters (AddParameter): Name = "Supplier"; Value = "Mouser"; VariantName = "[No Variations]"
Change component parameters (AddParameter): Name = "Supplier Part Number"; Value = "580-CRE1S1212SC"; VariantName = "[No Variations]"
Change component parameters: Designator = "U5" ("U5"); Footprint = "Gate Driver 1EDB8275FXUMA1 SMD 01"; UniqueID = "\PGYURZGB" ("\PGYURZGB")
Change component parameters (AddParameter): Name = "Case/Package"; Value = "TO-252"; VariantName = "[No Variations]"
Change component parameters (AddParameter): Name = "Category"; Value = "Voltage Regulators - Linear"; VariantName = "[No Variations]"
Change component parameters (AddParameter): Name = "ComponentLink1Description"; Value = "https://datasheet.ciiva.com/2070/cd00000544-2070990.pdf?src-supplier=Digi-Key"; VariantName = "[No Variations]"
Change component parameters (AddParameter): Name = "ComponentLink1URL"; Value = "https://datasheet.ciiva.com/2070/cd00000544-2070990.pdf?src-supplier=Digi-Key"; VariantName = "[No Variations]"
Change component parameters (AddParameter): Name = "Dropout Voltage"; Value = "1.1V"; VariantName = "[No Variations]"
Change component parameters (AddParameter): Name = "Input Bias Current"; Value = "5mA"; VariantName = "[No Variations]"
Change component parameters (AddParameter): Name = "Manufacturer"; Value = "STMicroelectronics"; VariantName = "[No Variations]"
Change component parameters (AddParameter): Name = "Manufacturer Part Number"; Value = "LD1117DT33"; VariantName = "[No Variations]"
Change component parameters (AddParameter): Name = "Max Input Voltage"; Value = "15V"; VariantName = "[No Variations]"
Change component parameters (AddParameter): Name = "Max Operating Temperature"; Value = "125C"; VariantName = "[No Variations]"
Change component parameters (AddParameter): Name = "Max Output Current"; Value = "800mA"; VariantName = "[No Variations]"
Change component parameters (AddParameter): Name = "Max Output Voltage"; Value = "3.3V"; VariantName = "[No Variations]"
Change component parameters (AddParameter): Name = "Max Power Dissipation"; Value = "12W"; VariantName = "[No Variations]"
Change component parameters (AddParameter): Name = "Max Supply Voltage"; Value = "15V"; VariantName = "[No Variations]"
Change component parameters (AddParameter): Name = "Min Input Voltage"; Value = "5.3V"; VariantName = "[No Variations]"
Change component parameters (AddParameter): Name = "Min Operating Temperature"; Value = "0C"; VariantName = "[No Variations]"
Change component parameters (AddParameter): Name = "Min Supply Voltage"; Value = "4.75V"; VariantName = "[No Variations]"
Change component parameters (AddParameter): Name = "Mount"; Value = "Surface Mount"; VariantName = "[No Variations]"
Change component parameters (AddParameter): Name = "Nominal Output Voltage"; Value = "3.3V"; VariantName = "[No Variations]"
Change component parameters (AddParameter): Name = "Number of Outputs"; Value = "1"; VariantName = "[No Variations]"
Change component parameters (AddParameter): Name = "Number of Pins"; Value = "3"; VariantName = "[No Variations]"
Change component parameters (AddParameter): Name = "Number of Regulators"; Value = "1"; VariantName = "[No Variations]"
Change component parameters (AddParameter): Name = "Output Current"; Value = "950mA"; VariantName = "[No Variations]"
Change component parameters (AddParameter): Name = "Output Type"; Value = "Fixed"; VariantName = "[No Variations]"
Change component parameters (AddParameter): Name = "Output Voltage"; Value = "3.3V"; VariantName = "[No Variations]"
Change component parameters (AddParameter): Name = "Output Voltage Accuracy"; Value = "1%"; VariantName = "[No Variations]"
Change component parameters (AddParameter): Name = "Package Quantity"; Value = "75"; VariantName = "[No Variations]"
Change component parameters (AddParameter): Name = "Packaging"; Value = "Rail/Tube"; VariantName = "[No Variations]"
Change component parameters (AddParameter): Name = "Polarity"; Value = "Positive"; VariantName = "[No Variations]"
Change component parameters (AddParameter): Name = "Power Dissipation"; Value = "12W"; VariantName = "[No Variations]"
Change component parameters (AddParameter): Name = "Quiescent Current"; Value = "10mA"; VariantName = "[No Variations]"
Change component parameters (AddParameter): Name = "REACH SVHC"; Value = "No SVHC"; VariantName = "[No Variations]"
Change component parameters (AddParameter): Name = "RoHS"; Value = "Yes"; VariantName = "[No Variations]"
Change component parameters (AddParameter): Name = "RoHS Compliant"; Value = "Yes"; VariantName = "[No Variations]"
Change component parameters (AddParameter): Name = "Supplier 1"; Value = "Mouser"; VariantName = "[No Variations]"
Change component parameters (AddParameter): Name = "Supplier Part Number 1"; Value = "511-LD1117DT33"; VariantName = "[No Variations]"
Change component parameters (AddParameter): Name = "Termination"; Value = "SMD/SMT"; VariantName = "[No Variations]"
Change component parameters (AddParameter): Name = "Voltage"; Value = "3.3V"; VariantName = "[No Variations]"
Added Component: Designator=R8(Resistor DIP 0.25W 01)
Add component (AddParameter): Name = "LatestRevisionDate"; Value = "17-Jul-2002"; VariantName = "[No Variations]"
Add component (AddParameter): Name = "LatestRevisionNote"; Value = "Re-released for DXP Platform."; VariantName = "[No Variations]"
Add component (AddParameter): Name = "PackageDescription"; Value = "Axial Device, Thru-Hole; 2 Leads; 0.3 in Pin Spacing"; VariantName = "[No Variations]"
Add component (AddParameter): Name = "PackageReference"; Value = "AXIAL-0.3"; VariantName = "[No Variations]"
Add component (AddParameter): Name = "Published"; Value = "8-Jun-2000"; VariantName = "[No Variations]"
Add component (AddParameter): Name = "Publisher"; Value = "Altium Limited"; VariantName = "[No Variations]"
Add component (AddParameter): Name = "Value"; Value = "200 K"; VariantName = "[No Variations]"
Added Component: Designator=U6(Gate Driver 1EDB8275FXUMA1 SMD 01)
Add component (AddParameter): Name = "Fall Time"; Value = "5ns"; VariantName = "[No Variations]"
Add component (AddParameter): Name = "Height"; Value = "1.75mm"; VariantName = "[No Variations]"
Add component (AddParameter): Name = "Manufacturer"; Value = "Infineon"; VariantName = "[No Variations]"
Add component (AddParameter): Name = "Manufacturer Part Number"; Value = "1EDB8275FXUMA1"; VariantName = "[No Variations]"
Add component (AddParameter): Name = "Max Operating Temperature"; Value = "150C"; VariantName = "[No Variations]"
Add component (AddParameter): Name = "Max Supply Voltage"; Value = "15V"; VariantName = "[No Variations]"
Add component (AddParameter): Name = "Min Operating Temperature"; Value = "-40C"; VariantName = "[No Variations]"
Add component (AddParameter): Name = "Min Supply Voltage"; Value = "3V"; VariantName = "[No Variations]"
Add component (AddParameter): Name = "Number of Drivers"; Value = "1NUMBER"; VariantName = "[No Variations]"
Add component (AddParameter): Name = "Number of Outputs"; Value = "1NUMBER"; VariantName = "[No Variations]"
Add component (AddParameter): Name = "Output Current"; Value = "9A"; VariantName = "[No Variations]"
Add component (AddParameter): Name = "Output Voltage"; Value = "20V"; VariantName = "[No Variations]"
Add component (AddParameter): Name = "Pricing"; Value = "1=1.9, 10=1.28, 50=1.28, 100=1.14, 1000=0.999, 10000=0.952 (USD)"; VariantName = "[No Variations]"
Add component (AddParameter): Name = "Propagation Delay"; Value = "45ns"; VariantName = "[No Variations]"
Add component (AddParameter): Name = "Rise Time"; Value = "8.3ns"; VariantName = "[No Variations]"
Add component (AddParameter): Name = "RoHS"; Value = "No"; VariantName = "[No Variations]"
Add component (AddParameter): Name = "Stock"; Value = "9492"; VariantName = "[No Variations]"
Add component (AddParameter): Name = "Supplier"; Value = "Mouser"; VariantName = "[No Variations]"
Add component (AddParameter): Name = "Supplier Part Number"; Value = "726-1EDB8275FXUMA1"; VariantName = "[No Variations]"
Added Component: Designator=U7(Gate Driver 1EDB8275FXUMA1 SMD 01)
Add component (AddParameter): Name = "Fall Time"; Value = "5ns"; VariantName = "[No Variations]"
Add component (AddParameter): Name = "Height"; Value = "1.75mm"; VariantName = "[No Variations]"
Add component (AddParameter): Name = "Manufacturer"; Value = "Infineon"; VariantName = "[No Variations]"
Add component (AddParameter): Name = "Manufacturer Part Number"; Value = "1EDB8275FXUMA1"; VariantName = "[No Variations]"
Add component (AddParameter): Name = "Max Operating Temperature"; Value = "150C"; VariantName = "[No Variations]"
Add component (AddParameter): Name = "Max Supply Voltage"; Value = "15V"; VariantName = "[No Variations]"
Add component (AddParameter): Name = "Min Operating Temperature"; Value = "-40C"; VariantName = "[No Variations]"
Add component (AddParameter): Name = "Min Supply Voltage"; Value = "3V"; VariantName = "[No Variations]"
Add component (AddParameter): Name = "Number of Drivers"; Value = "1NUMBER"; VariantName = "[No Variations]"
Add component (AddParameter): Name = "Number of Outputs"; Value = "1NUMBER"; VariantName = "[No Variations]"
Add component (AddParameter): Name = "Output Current"; Value = "9A"; VariantName = "[No Variations]"
Add component (AddParameter): Name = "Output Voltage"; Value = "20V"; VariantName = "[No Variations]"
Add component (AddParameter): Name = "Pricing"; Value = "1=1.9, 10=1.28, 50=1.28, 100=1.14, 1000=0.999, 10000=0.952 (USD)"; VariantName = "[No Variations]"
Add component (AddParameter): Name = "Propagation Delay"; Value = "45ns"; VariantName = "[No Variations]"
Add component (AddParameter): Name = "Rise Time"; Value = "8.3ns"; VariantName = "[No Variations]"
Add component (AddParameter): Name = "RoHS"; Value = "No"; VariantName = "[No Variations]"
Add component (AddParameter): Name = "Stock"; Value = "9492"; VariantName = "[No Variations]"
Add component (AddParameter): Name = "Supplier"; Value = "Mouser"; VariantName = "[No Variations]"
Add component (AddParameter): Name = "Supplier Part Number"; Value = "726-1EDB8275FXUMA1"; VariantName = "[No Variations]"
Added Pin To Net: NetName=VCC Pin=C11-1
Added Pin To Net: NetName=PGND Pin=C11-2
Added Pin To Net: NetName=PGND Pin=C12-1
Added Pin To Net: NetName=VCC Pin=C12-2
Added Pin To Net: NetName=VFB Pin=C13-1
Added Pin To Net: NetName=PGND Pin=C15-1
Added Pin To Net: NetName=VREF Pin=C15-2
Added Pin To Net: NetName=ISENSE Pin=C16-2
Added Pin To Net: NetName=NetC19_1 Pin=C17-1
Added Pin To Net: NetName=NetC19_1 Pin=C18-1
Added Pin To Net: NetName=PGND Pin=C19-2
Added Pin To Net: NetName=PGND Pin=C20-1
Added Pin To Net: NetName=NetC20_2 Pin=C21-1
Added Pin To Net: NetName=GND Pin=C21-2
Added Pin To Net: NetName=SRC_T Pin=C22-2
Added Pin To Net: NetName=SRC_T Pin=C23-2
Added Pin To Net: NetName=PGND Pin=C24-1
Added Pin To Net: NetName=VCC_LR Pin=C24-2
Added Pin To Net: NetName=VCC Pin=C25-1
Added Pin To Net: NetName=PGND Pin=C25-2
Added Pin To Net: NetName=PGND Pin=C26-1
Added Pin To Net: NetName=VCC Pin=C26-2
Added Pin To Net: NetName=GND Pin=C27-1
Added Pin To Net: NetName=20V Pin=C27-2
Added Pin To Net: NetName=GND Pin=C28-1
Added Pin To Net: NetName=GND Pin=D6-2
Added Pin To Net: NetName=SRC_T Pin=D7-1
Added Pin To Net: NetName=GATE_T Pin=D7-2
Added Pin To Net: NetName=GATE_B Pin=D9-2
Added Pin To Net: NetName=GND Pin=D10-1
Added Pin To Net: NetName=NetC28_2 Pin=D10-2
Added Pin To Net: NetName=VCC Pin=P4-1
Added Pin To Net: NetName=PWM Pin=P5-1
Added Pin To Net: NetName=NetC28_2 Pin=Q3-1
Added Pin To Net: NetName=VDCLINK Pin=R8-1
Added Pin To Net: NetName=PGND Pin=R8-2
Added Pin To Net: NetName=P_GND Pin=R10-1
Added Pin To Net: NetName=ISENSE_Power Pin=R10-2
Added Pin To Net: NetName=VDCLINK Pin=R14-1
Added Pin To Net: NetName=VFB Pin=R15-1
Added Pin To Net: NetName=PWM Pin=R17-2
Added Pin To Net: NetName=VCC Pin=R18-2
Added Pin To Net: NetName=VREF Pin=R19-2
Added Pin To Net: NetName=ISENSE_Power Pin=R20-1
Added Pin To Net: NetName=ISENSE Pin=R20-2
Added Pin To Net: NetName=20V Pin=R21-1
Added Pin To Net: NetName=Vout Pin=R22-1
Added Pin To Net: NetName=NetC19_1 Pin=R22-2
Added Pin To Net: NetName=VFB Pin=R25-1
Added Pin To Net: NetName=Vout Pin=R26-1
Added Pin To Net: NetName=PGND Pin=R28-2
Added Pin To Net: NetName=NetC19_1 Pin=R29-1
Added Pin To Net: NetName=GND Pin=R29-2
Added Pin To Net: NetName=GATE_T Pin=R31-1
Added Pin To Net: NetName=GATE_T Pin=R32-1
Added Pin To Net: NetName=VCC Pin=R33-1
Added Pin To Net: NetName=NetD8_1 Pin=R33-2
Added Pin To Net: NetName=GATE_T Pin=R34-1
Added Pin To Net: NetName=SRC_T Pin=R34-2
Added Pin To Net: NetName=GATE_B Pin=R35-1
Added Pin To Net: NetName=GATE_B Pin=R36-1
Added Pin To Net: NetName=GATE_B Pin=R37-1
Added Pin To Net: NetName=Vout Pin=R38-1
Added Pin To Net: NetName=NetC28_2 Pin=R38-2
Added Pin To Net: NetName=PGND Pin=U4-1
Added Pin To Net: NetName=VCC_LR Pin=U4-2
Added Pin To Net: NetName=SRC_T Pin=U4-3
Added Pin To Net: NetName=VCC Pin=U5-1
Added Pin To Net: NetName=PGND Pin=U5-2
Added Pin To Net: NetName=PGND Pin=U5-2
Added Pin To Net: NetName=VCC_LR Pin=U5-3
Added Pin To Net: NetName=VCC_LR Pin=U6-1
Added Pin To Net: NetName=PWM Pin=U6-2
Added Pin To Net: NetName=PGND Pin=U6-3
Added Pin To Net: NetName=PGND Pin=U6-4
Added Pin To Net: NetName=NetR32_2 Pin=U6-6
Added Pin To Net: NetName=SRC_T Pin=U6-8
Added Pin To Net: NetName=VCC_LR Pin=U7-1
Added Pin To Net: NetName=PWM Pin=U7-2
Added Pin To Net: NetName=PGND Pin=U7-3
Added Pin To Net: NetName=PGND Pin=U7-4
Added Pin To Net: NetName=VCC_LR Pin=U7-5
Added Pin To Net: NetName=PGND Pin=U7-8
Change Net Name : Old Net Name=NetC19_1 New Net Name=NetC17_1
Change Net Name : Old Net Name=SRC_T New Net Name=GND_ISO
Added Pin To Net: NetName=NetC13_2 Pin=C13-2
Added Pin To Net: NetName=NetC13_2 Pin=R15-2
Added Pin To Net: NetName=NetC13_2 Pin=U1-1
Added Net: Name=NetC13_2
Added Pin To Net: NetName=NetC14_2 Pin=C14-2
Added Pin To Net: NetName=NetC14_2 Pin=R19-1
Added Pin To Net: NetName=NetC14_2 Pin=U1-4
Added Net: Name=NetC14_2
Added Pin To Net: NetName=NetC17_2 Pin=C17-2
Added Pin To Net: NetName=NetC17_2 Pin=R24-2
Added Pin To Net: NetName=NetC17_2 Pin=R27-1
Added Pin To Net: NetName=NetC17_2 Pin=U2-2
Added Pin To Net: NetName=NetC17_2 Pin=U3-3
Added Net: Name=NetC17_2
Added Pin To Net: NetName=NetC18_2 Pin=C18-2
Added Pin To Net: NetName=NetC18_2 Pin=R27-2
Added Net: Name=NetC18_2
Added Pin To Net: NetName=NetC19_1 Pin=C19-1
Added Pin To Net: NetName=NetC19_1 Pin=R25-2
Added Pin To Net: NetName=NetC19_1 Pin=R28-1
Added Pin To Net: NetName=NetC19_1 Pin=U2-3
Added Net: Name=NetC19_1
Added Pin To Net: NetName=NetD6_1 Pin=D6-1
Added Pin To Net: NetName=NetD6_1 Pin=R26-2
Added Net: Name=NetD6_1
Added Pin To Net: NetName=NetR14_2 Pin=R14-2
Added Pin To Net: NetName=NetR14_2 Pin=R16-1
Added Net: Name=NetR14_2
Added Pin To Net: NetName=NetR16_2 Pin=R16-2
Added Pin To Net: NetName=NetR16_2 Pin=R18-1
Added Net: Name=NetR16_2
Added Pin To Net: NetName=NetR17_1 Pin=R17-1
Added Pin To Net: NetName=NetR17_1 Pin=U1-6
Added Net: Name=NetR17_1
Added Pin To Net: NetName=NetR21_2 Pin=R21-2
Added Pin To Net: NetName=NetR21_2 Pin=R24-1
Added Pin To Net: NetName=NetR21_2 Pin=U2-1
Added Net: Name=NetR21_2
Added Pin To Net: NetName=NetR31_2 Pin=R31-2
Added Pin To Net: NetName=NetR31_2 Pin=U6-7
Added Net: Name=NetR31_2
Added Pin To Net: NetName=NetR35_2 Pin=R35-2
Added Pin To Net: NetName=NetR35_2 Pin=U7-7
Added Net: Name=NetR35_2
Added Pin To Net: NetName=NetR36_2 Pin=R36-2
Added Pin To Net: NetName=NetR36_2 Pin=U7-6
Added Net: Name=NetR36_2
Added Pin To Net: NetName=SRC_B Pin=D9-1
Added Pin To Net: NetName=SRC_B Pin=R37-2
Added Net: Name=SRC_B
Added Pin To Net: NetName=VCC_ISO Pin=C22-1
Added Pin To Net: NetName=VCC_ISO Pin=C23-1
Added Pin To Net: NetName=VCC_ISO Pin=U4-4
Added Pin To Net: NetName=VCC_ISO Pin=U6-5
Added Net: Name=VCC_ISO
Change Class Name : Old Net Name=Sheet2 New Net Name=Sheet1
Added Member To Class: ClassName=Sheet1 Member=Component R8 P200KDATR-ND
Added Member To Class: ClassName=Sheet1 Member=Component U6 1EDB8275FXUMA1
Added Member To Class: ClassName=Sheet1 Member=Component U7 1EDB8275FXUMA1
Added Room: Name=Sheet1
