Change Footprint: Cannot match pads with new footprint in component :D2 Footprint:Diode SMD TO-252 (DPAK)
Change Footprint: Cannot match pads with new footprint in component :D4 Footprint:Diode SMD TO-252 (DPAK)
Added Member To Class: ClassName=Sheet1 Member=Component C12 P15139-ND
Added Member To Class: ClassName=Sheet1 Member=Component C16 490-1627-2-ND
Added Member To Class: ClassName=Sheet1 Member=Component C17 311-3498-2-ND
Added Member To Class: ClassName=Sheet1 Member=Component C18 399-C0805C101J5GAC7800TR-ND
Added Member To Class: ClassName=Sheet1 Member=Component C19 KGM21NR71H683JT
Added Member To Class: ClassName=Sheet1 Member=Component C23 C0805C104J5RAC7800
Added Member To Class: ClassName=Sheet1 Member=Component C26 C0805C104J5RAC7800
Added Member To Class: ClassName=Sheet1 Member=Component C27 (DIGIKEY Part Number)
Added Member To Class: ClassName=Sheet1 Member=Component C28 (DIGIKEY Part Number)
Added Member To Class: ClassName=Sheet1 Member=Component D6 BZT52C20-7-F
Added Member To Class: ClassName=Sheet1 Member=Component D9 BZT52C18-7-F
Added Member To Class: ClassName=Sheet1 Member=Component H1 (DIGIKEY Part Number)
Added Member To Class: ClassName=Sheet1 Member=Component H2 (DIGIKEY Part Number)
Added Member To Class: ClassName=Sheet1 Member=Component R5 RMCF2010JT1K20
Added Member To Class: ClassName=Sheet1 Member=Component R8 RG20P10.0KBTR-ND
Added Member To Class: ClassName=Sheet1 Member=Component R14 13-RT1206BRE071RL-ND
Added Member To Class: ClassName=Sheet1 Member=Component R15 13-RT1206BRE071RL-ND
Added Member To Class: ClassName=Sheet1 Member=Component R16 13-RT1206BRE071RL-ND
Added Member To Class: ClassName=Sheet1 Member=Component R17 13-RT1206BRE071RL-ND
Added Member To Class: ClassName=Sheet1 Member=Component R18 RG20P10.0KBTR-ND
Added Member To Class: ClassName=Sheet1 Member=Component R24 ERJ-P06F3002V-
Added Member To Class: ClassName=Sheet1 Member=Component R29 ERJ-P06F3002V-
Added Member To Class: ClassName=Sheet1 Member=Component R30 749-1374-2-ND
Added Member To Class: ClassName=Sheet1 Member=Component R32 RG2012P-103-B-T5
Added Member To Class: ClassName=Sheet1 Member=Component R33 749-1374-2-ND
Added Member To Class: ClassName=Sheet1 Member=Component R35 RG2012P-103-B-T5
Added Member To Class: ClassName=Sheet1 Member=Component U5 (DIGIKEY Part Number)
Added Member To Class: ClassName=Sheet1 Member=Component U? IS341WTR-ND
