Removed Pin From Net: NetName=PGND Pin=D4-1
Removed Pin From Net: NetName=PGND Pin=D4-1
Removed Pin From Net: NetName=GND_ISO_T Pin=D4-2
Removed Member From Class: ClassName=Sheet1 Member=D4
Change Footprint: Cannot match pads with new footprint in component :D2 Footprint:Diode SMD TO-252 (DPAK)
Change Component Comment : Designator=D2 Old Comment=31-S5KP5M-13TR-ND New Comment=(DIGIKEY Part Number)
Added Component: Designator=D?(Diode SMD TO-252 (DPAK))
Add component (AddParameter): Name = "ComponentLink1Description"; Value = "Manufacturer Link"; VariantName = "[No Variations]"
Add component (AddParameter): Name = "ComponentLink1URL"; Value = "http://www.irf.com/"; VariantName = "[No Variations]"
Add component (AddParameter): Name = "DatasheetVersion"; Value = "Aug-1984"; VariantName = "[No Variations]"
Add component (AddParameter): Name = "LatestRevisionDate"; Value = "17-Jul-2002"; VariantName = "[No Variations]"
Add component (AddParameter): Name = "LatestRevisionNote"; Value = "Re-released for DXP Platform."; VariantName = "[No Variations]"
Add component (AddParameter): Name = "PackageDescription"; Value = "Diode, Axial; Body 9.5 x 5.3 mm (LxDia. max), Lead Dia. 1.32 mm (max)"; VariantName = "[No Variations]"
Add component (AddParameter): Name = "PackageReference"; Value = "DO-201AD"; VariantName = "[No Variations]"
Add component (AddParameter): Name = "Published"; Value = "8-Jun-2000"; VariantName = "[No Variations]"
Add component (AddParameter): Name = "Publisher"; Value = "Altium Limited"; VariantName = "[No Variations]"
Added Pin To Net: NetName=PGND Pin=D?-1
Added Pin To Net: NetName=GND_ISO_T Pin=D?-2
Added Pin To Net: NetName=GND_ISO_T Pin=D?-2
Added Member To Class: ClassName=Sheet1 Member=Component D? (DIGIKEY Part Number)
Added Member To Class: ClassName=Sheet1 Member=Component R14 13-RT1206BRE071RL-ND
Added Member To Class: ClassName=Sheet1 Member=Component R16 13-RT1206BRE071RL-ND
Added Member To Class: ClassName=Sheet1 Member=Component R18 P2.7KDATR-ND
Added Member To Class: ClassName=Sheet1 Member=Component R20 ERA-6AEB473V
Added Member To Class: ClassName=Sheet1 Member=Component R23 ERJ-P06F3002V-
Added Member To Class: ClassName=Sheet1 Member=Component R25 ERA-6AEB102V
Added Member To Class: ClassName=Sheet1 Member=Component R27 ERA-6AEB272V
Added Member To Class: ClassName=Sheet1 Member=Component R30 RG2012P-103-B-T5
Added Room: Name=Sheet1
