Removed Pin From Net: NetName=VCC Pin=R18-2
Removed Pin From Net: NetName=GATE_T Pin=R32-1
Removed Pin From Net: NetName=GATE_B Pin=R36-1
Removed Pin From Net: NetName=VCC_LR Pin=U6-1
Removed Pin From Net: NetName=PWM Pin=U6-2
Removed Pin From Net: NetName=PGND Pin=U6-3
Removed Pin From Net: NetName=PGND Pin=U6-4
Removed Pin From Net: NetName=VCC_ISO Pin=U6-5
Removed Pin From Net: NetName=GND_ISO Pin=U6-8
Removed Pin From Net: NetName=VCC_LR Pin=U7-1
Removed Pin From Net: NetName=PWM Pin=U7-2
Removed Pin From Net: NetName=PGND Pin=U7-3
Removed Pin From Net: NetName=PGND Pin=U7-4
Removed Pin From Net: NetName=VCC_LR Pin=U7-5
Removed Pin From Net: NetName=PGND Pin=U7-8
Removed Member From Class: ClassName=Sheet1 Member=R16
Removed Member From Class: ClassName=Sheet1 Member=R31
Removed Member From Class: ClassName=Sheet1 Member=R34
Removed Member From Class: ClassName=Sheet1 Member=R36
Removed Member From Class: ClassName=Sheet1 Member=R37
Removed Member From Class: ClassName=Sheet1 Member=U7
Change Footprint: Cannot match pads with new footprint in component :D2 Footprint:Diode SMD TO-252 (DPAK)
Change Footprint: Cannot match pads with new footprint in component :D4 Footprint:Diode SMD TO-252 (DPAK)
Change Component Footprint: Designator=D7 Old Footprint=Diode Zener SMD SOD-123 01 New Footprint=Diode Zener SMD DO-214AC
Change Component Footprint: Designator=D9 Old Footprint=Diode Zener SMD SOD-123 01 New Footprint=Diode Zener SMD DO-214AC
Change Component Footprint: Designator=D10 Old Footprint=Diode Zener SMD SOD-123 01 New Footprint=Diode Zener SMD DO-214AC
Change Component Footprint: Designator=U6 Old Footprint=Gate Driver 1EDB8275FXUMA1 SMD 01 New Footprint=Linear Regulator Isolated Module DC-DC DIP 01
Change Component Footprint: Designator=RT1 Old Footprint=NTC Thermistor DIP 01 New Footprint=NTC Thermistor DIP 02
Change Component Footprint: Designator=R10 Old Footprint=Resistor SMD 1206 New Footprint=Resistor SMD 2512
Change Component Footprint: Designator=R11 Old Footprint=Resistor SMD 1206 New Footprint=Resistor SMD 2512
Change Component Footprint: Designator=R12 Old Footprint=Resistor SMD 1206 New Footprint=Resistor SMD 2512
Change Component Footprint: Designator=R13 Old Footprint=Resistor SMD 1206 New Footprint=Resistor SMD 2512
Change Component Comment : Designator=U6 Old Comment=1EDB8275FXUMA1 New Comment=CRE1S1212SC
Change Component Comment : Designator=R14 Old Comment=A121556TR-ND New Comment=P47KDATR-ND
Change Component Comment : Designator=R16 Old Comment=A121556TR-ND New Comment=P47KDATR-ND
Change Component Comment : Designator=R26 Old Comment=CPF0805B25KE1 New Comment=ERJ-P06F3002V-
Change Component Comment : Designator=R33 Old Comment=CPF0805B25KE1 New Comment=ERJ-P06F3002V-
Change Component Comment : Designator=R17 Old Comment=MCU0805MZ0000ZP500 New Comment=TC0525B1001T5G
Change Component Comment : Designator=R19 Old Comment=P8.66KDATR-ND New Comment=TC0550D8201T5F
Change Component Designator: OldDesignator=+ VCC - NewDesignator=+ VCC -1
Change Component Designator: OldDesignator=+ Vout - NewDesignator=P1
Change Component Designator: OldDesignator=C10 NewDesignator=C12
Change Component Designator: OldDesignator=C11 NewDesignator=C10
Change Component Designator: OldDesignator=C12 NewDesignator=C11
Change Component Designator: OldDesignator=C14 NewDesignator=C16
Change Component Designator: OldDesignator=C15 NewDesignator=C17
Change Component Designator: OldDesignator=C16 NewDesignator=C18
Change Component Designator: OldDesignator=C17 NewDesignator=C19
Change Component Designator: OldDesignator=C18 NewDesignator=C23
Change Component Designator: OldDesignator=C19 NewDesignator=C26
Change Component Designator: OldDesignator=C20 NewDesignator=C27
Change Component Designator: OldDesignator=C21 NewDesignator=C28
Change Component Designator: OldDesignator=C22 NewDesignator=C20
Change Component Designator: OldDesignator=C23 NewDesignator=C21
Change Component Designator: OldDesignator=C24 NewDesignator=C22
Change Component Designator: OldDesignator=C25 NewDesignator=C24
Change Component Designator: OldDesignator=C26 NewDesignator=C25
Change Component Designator: OldDesignator=C27 NewDesignator=C14
Change Component Designator: OldDesignator=C28 NewDesignator=C15
Change Component Designator: OldDesignator=D6 NewDesignator=D7
Change Component Designator: OldDesignator=D7 NewDesignator=D9
Change Component Designator: OldDesignator=D9 NewDesignator=D10
Change Component Designator: OldDesignator=D10 NewDesignator=D6
Change Component Designator: OldDesignator=H1 NewDesignator=H2
Change Component Designator: OldDesignator=H2 NewDesignator=H3
Change Component Designator: OldDesignator=H3 NewDesignator=H1
Change Component Designator: OldDesignator=PWM-GND NewDesignator=PWM-GND1
Change Component Designator: OldDesignator=R4 NewDesignator=R3
Change Component Designator: OldDesignator=R5 NewDesignator=R4
Change Component Designator: OldDesignator=R6 NewDesignator=R5
Change Component Designator: OldDesignator=R8 NewDesignator=R2
Change Component Designator: OldDesignator=R9 NewDesignator=R6
Change Component Designator: OldDesignator=R10 NewDesignator=R14
Change Component Designator: OldDesignator=R11 NewDesignator=R15
Change Component Designator: OldDesignator=R12 NewDesignator=R16
Change Component Designator: OldDesignator=R13 NewDesignator=R17
Change Component Designator: OldDesignator=R14 NewDesignator=R7
Change Component Designator: OldDesignator=R15 NewDesignator=R8
Change Component Designator: OldDesignator=R16 NewDesignator=R10
Change Component Designator: OldDesignator=R17 NewDesignator=R11
Change Component Designator: OldDesignator=R19 NewDesignator=R13
Change Component Designator: OldDesignator=R20 NewDesignator=R18
Change Component Designator: OldDesignator=R21 NewDesignator=R19
Change Component Designator: OldDesignator=R22 NewDesignator=R20
Change Component Designator: OldDesignator=R23 NewDesignator=R21
Change Component Designator: OldDesignator=R24 NewDesignator=R22
Change Component Designator: OldDesignator=R25 NewDesignator=R23
Change Component Designator: OldDesignator=R26 NewDesignator=R24
Change Component Designator: OldDesignator=R27 NewDesignator=R25
Change Component Designator: OldDesignator=R28 NewDesignator=R26
Change Component Designator: OldDesignator=R29 NewDesignator=R27
Change Component Designator: OldDesignator=R30 NewDesignator=R28
Change Component Designator: OldDesignator=R31 NewDesignator=R30
Change Component Designator: OldDesignator=R33 NewDesignator=R29
Change Component Designator: OldDesignator=R34 NewDesignator=R32
Change Component Designator: OldDesignator=R35 NewDesignator=R33
Change Component Designator: OldDesignator=R37 NewDesignator=R35
Change Component Designator: OldDesignator=R38 NewDesignator=R9
Change Component Designator: OldDesignator=U2 NewDesignator=U3
Change Component Designator: OldDesignator=U3 NewDesignator=U5
Change Component Designator: OldDesignator=U4 NewDesignator=U2
Change Component Designator: OldDesignator=U5 NewDesignator=U4
Change component parameters: Designator = "R14" ("R7"); Footprint = "Resistor SMD 805"; UniqueID = "\WHWQRNJQ" ("\WHWQRNJQ")
Change component parameters (AddParameter): Name = "LatestRevisionDate"; Value = "17-Jul-2002"; VariantName = "[No Variations]"
Change component parameters (AddParameter): Name = "LatestRevisionNote"; Value = "Re-released for DXP Platform."; VariantName = "[No Variations]"
Change component parameters (AddParameter): Name = "PackageDescription"; Value = "Axial Device, Thru-Hole; 2 Leads; 0.3 in Pin Spacing"; VariantName = "[No Variations]"
Change component parameters (AddParameter): Name = "PackageReference"; Value = "AXIAL-0.3"; VariantName = "[No Variations]"
Change component parameters (AddParameter): Name = "Published"; Value = "8-Jun-2000"; VariantName = "[No Variations]"
Change component parameters (AddParameter): Name = "Publisher"; Value = "Altium Limited"; VariantName = "[No Variations]"
Change component parameters (AddParameter): Name = "Value"; Value = "47 K"; VariantName = "[No Variations]"
Change component parameters: Designator = "R16" ("R10"); Footprint = "Resistor SMD 805"; UniqueID = "\AHGLKMHT" ("\AHGLKMHT")
Change component parameters (AddParameter): Name = "LatestRevisionDate"; Value = "17-Jul-2002"; VariantName = "[No Variations]"
Change component parameters (AddParameter): Name = "LatestRevisionNote"; Value = "Re-released for DXP Platform."; VariantName = "[No Variations]"
Change component parameters (AddParameter): Name = "PackageDescription"; Value = "Axial Device, Thru-Hole; 2 Leads; 0.3 in Pin Spacing"; VariantName = "[No Variations]"
Change component parameters (AddParameter): Name = "PackageReference"; Value = "AXIAL-0.3"; VariantName = "[No Variations]"
Change component parameters (AddParameter): Name = "Published"; Value = "8-Jun-2000"; VariantName = "[No Variations]"
Change component parameters (AddParameter): Name = "Publisher"; Value = "Altium Limited"; VariantName = "[No Variations]"
Change component parameters (AddParameter): Name = "Value"; Value = "47 K"; VariantName = "[No Variations]"
Change component parameters: Designator = "R17" ("R11"); Footprint = "Resistor SMD 805"; UniqueID = "\FXUDVHAJ" ("\FXUDVHAJ")
Change component parameters (AddParameter): Name = "LatestRevisionDate"; Value = "17-Jul-2002"; VariantName = "[No Variations]"
Change component parameters (AddParameter): Name = "LatestRevisionNote"; Value = "Re-released for DXP Platform."; VariantName = "[No Variations]"
Change component parameters (AddParameter): Name = "PackageDescription"; Value = "Axial Device, Thru-Hole; 2 Leads; 0.3 in Pin Spacing"; VariantName = "[No Variations]"
Change component parameters (AddParameter): Name = "PackageReference"; Value = "AXIAL-0.3"; VariantName = "[No Variations]"
Change component parameters (AddParameter): Name = "Published"; Value = "8-Jun-2000"; VariantName = "[No Variations]"
Change component parameters (AddParameter): Name = "Publisher"; Value = "Altium Limited"; VariantName = "[No Variations]"
Change component parameters (AddParameter): Name = "Value"; Value = "1 K"; VariantName = "[No Variations]"
Change component parameters: Designator = "R19" ("R13"); Footprint = "Resistor SMD 805"; UniqueID = "\DOXDDHSH" ("\DOXDDHSH")
Change component parameters (AddParameter): Name = "LatestRevisionDate"; Value = "17-Jul-2002"; VariantName = "[No Variations]"
Change component parameters (AddParameter): Name = "LatestRevisionNote"; Value = "Re-released for DXP Platform."; VariantName = "[No Variations]"
Change component parameters (AddParameter): Name = "PackageDescription"; Value = "Axial Device, Thru-Hole; 2 Leads; 0.3 in Pin Spacing"; VariantName = "[No Variations]"
Change component parameters (AddParameter): Name = "PackageReference"; Value = "AXIAL-0.3"; VariantName = "[No Variations]"
Change component parameters (AddParameter): Name = "Published"; Value = "8-Jun-2000"; VariantName = "[No Variations]"
Change component parameters (AddParameter): Name = "Publisher"; Value = "Altium Limited"; VariantName = "[No Variations]"
Change component parameters (AddParameter): Name = "Value"; Value = "8.2 K"; VariantName = "[No Variations]"
Change component parameters: Designator = "R26" ("R24"); Footprint = "Resistor SMD 805"; UniqueID = "\WLMJFULI" ("\WLMJFULI")
Change component parameters (AddParameter): Name = "LatestRevisionDate"; Value = "17-Jul-2002"; VariantName = "[No Variations]"
Change component parameters (AddParameter): Name = "LatestRevisionNote"; Value = "Re-released for DXP Platform."; VariantName = "[No Variations]"
Change component parameters (AddParameter): Name = "PackageDescription"; Value = "Axial Device, Thru-Hole; 2 Leads; 0.3 in Pin Spacing"; VariantName = "[No Variations]"
Change component parameters (AddParameter): Name = "PackageReference"; Value = "AXIAL-0.3"; VariantName = "[No Variations]"
Change component parameters (AddParameter): Name = "Published"; Value = "8-Jun-2000"; VariantName = "[No Variations]"
Change component parameters (AddParameter): Name = "Publisher"; Value = "Altium Limited"; VariantName = "[No Variations]"
Change component parameters (AddParameter): Name = "Value"; Value = "30 K"; VariantName = "[No Variations]"
Change component parameters: Designator = "R33" ("R29"); Footprint = "Resistor SMD 805"; UniqueID = "\COTJHAYU" ("\COTJHAYU")
Change component parameters (AddParameter): Name = "LatestRevisionDate"; Value = "17-Jul-2002"; VariantName = "[No Variations]"
Change component parameters (AddParameter): Name = "LatestRevisionNote"; Value = "Re-released for DXP Platform."; VariantName = "[No Variations]"
Change component parameters (AddParameter): Name = "PackageDescription"; Value = "Axial Device, Thru-Hole; 2 Leads; 0.3 in Pin Spacing"; VariantName = "[No Variations]"
Change component parameters (AddParameter): Name = "PackageReference"; Value = "AXIAL-0.3"; VariantName = "[No Variations]"
Change component parameters (AddParameter): Name = "Published"; Value = "8-Jun-2000"; VariantName = "[No Variations]"
Change component parameters (AddParameter): Name = "Publisher"; Value = "Altium Limited"; VariantName = "[No Variations]"
Change component parameters (AddParameter): Name = "Value"; Value = "30 K"; VariantName = "[No Variations]"
Change component parameters: Designator = "U6" ("U6"); Footprint = "Gate Driver 1EDB8275FXUMA1 SMD 01"; UniqueID = "\MRQSRLBH" ("\MRQSRLBH")
Change component parameters (AddParameter): Name = "Category"; Value = "Board Mount Modules"; VariantName = "[No Variations]"
Change component parameters (AddParameter): Name = "ComponentLink1Description"; Value = "http://www.farnell.com/datasheets/2625583.pdf?src-supplier=Farnell"; VariantName = "[No Variations]"
Change component parameters (AddParameter): Name = "ComponentLink1URL"; Value = "http://www.farnell.com/datasheets/2625583.pdf?src-supplier=Farnell"; VariantName = "[No Variations]"
Change component parameters (AddParameter): Name = "ComponentLink2Description"; Value = "http://www.farnell.com/datasheets/2625583.pdf?src-supplier=Newark"; VariantName = "[No Variations]"
Change component parameters (AddParameter): Name = "ComponentLink2URL"; Value = "http://www.farnell.com/datasheets/2625583.pdf?src-supplier=Newark"; VariantName = "[No Variations]"
Change component parameters (AddParameter): Name = "ComponentLink3Description"; Value = "https://datasheet.octopart.com/CRE1S1212SC-Murata-Power-Solutions-datasheet-68519345.pdf?src-supplier=Element14"; VariantName = "[No Variations]"
Change component parameters (AddParameter): Name = "ComponentLink3URL"; Value = "https://datasheet.octopart.com/CRE1S1212SC-Murata-Power-Solutions-datasheet-68519345.pdf?src-supplier=Element14"; VariantName = "[No Variations]"
Change component parameters (AddParameter): Name = "ComponentLink4Description"; Value = "https://power.murata.com/data/power/ncl/kdc_cre1.pdf?src-supplier=Digikey"; VariantName = "[No Variations]"
Change component parameters (AddParameter): Name = "ComponentLink4URL"; Value = "https://power.murata.com/data/power/ncl/kdc_cre1.pdf?src-supplier=Digikey"; VariantName = "[No Variations]"
Change component parameters (AddParameter): Name = "ComponentLink5Description"; Value = "https://datasheet.octopart.com/CRE1S1212SC-Murata-Power-Solutions-datasheet-159768755.pdf?src-supplier=TME"; VariantName = "[No Variations]"
Change component parameters (AddParameter): Name = "ComponentLink5URL"; Value = "https://datasheet.octopart.com/CRE1S1212SC-Murata-Power-Solutions-datasheet-159768755.pdf?src-supplier=TME"; VariantName = "[No Variations]"
Change component parameters (AddParameter): Name = "Manufacturer"; Value = "Murata"; VariantName = "[No Variations]"
Change component parameters (AddParameter): Name = "Manufacturer Part Number"; Value = "CRE1S1212SC"; VariantName = "[No Variations]"
Change component parameters (AddParameter): Name = "Pricing"; Value = "1=2.98, 10=2.94, 50=2.66, 100=2.66, 1000=2.52, 10000=2.52 (USD)"; VariantName = "[No Variations]"
Change component parameters (AddParameter): Name = "RoHS"; Value = "Yes"; VariantName = "[No Variations]"
Change component parameters (AddParameter): Name = "Stock"; Value = "95"; VariantName = "[No Variations]"
Change component parameters (AddParameter): Name = "Supplier"; Value = "Mouser"; VariantName = "[No Variations]"
Change component parameters (AddParameter): Name = "Supplier Part Number"; Value = "580-CRE1S1212SC"; VariantName = "[No Variations]"
Added Component: Designator=C29(Capacitor Ceramic SMD 805)
Add component (AddParameter): Name = "Value"; Value = "1uF, 50V"; VariantName = "[No Variations]"
Added Component: Designator=C30(Capacitor Ceramic SMD 805)
Add component (AddParameter): Name = "Value"; Value = "100nF, 50V"; VariantName = "[No Variations]"
Added Component: Designator=U?(Gate Driver IS341W SO6 Stretched)
Add component (AddParameter): Name = "ComponentLink1Description"; Value = "http://isocom.com/wp-content/uploads/2017/08/DD93205_IS341W_17-01-17.pdf?src-supplier=Digikey"; VariantName = "[No Variations]"
Add component (AddParameter): Name = "ComponentLink1URL"; Value = "http://isocom.com/wp-content/uploads/2017/08/DD93205_IS341W_17-01-17.pdf?src-supplier=Digikey"; VariantName = "[No Variations]"
Add component (AddParameter): Name = "Manufacturer"; Value = "Isocom"; VariantName = "[No Variations]"
Add component (AddParameter): Name = "Manufacturer Part Number"; Value = "IS341W"; VariantName = "[No Variations]"
Add component (AddParameter): Name = "Pricing"; Value = "1=2.2, 10=1.429, 100=1.0327, 500=0.87664 (USD)"; VariantName = "[No Variations]"
Add component (AddParameter): Name = "RoHS"; Value = "Yes"; VariantName = "[No Variations]"
Add component (AddParameter): Name = "Stock"; Value = "232"; VariantName = "[No Variations]"
Add component (AddParameter): Name = "Supplier"; Value = "Digikey"; VariantName = "[No Variations]"
Add component (AddParameter): Name = "Supplier Part Number"; Value = "IS341WCT-ND"; VariantName = "[No Variations]"
Added Component: Designator=U?(Gate Driver IS341W SO6 Stretched)
Add component (AddParameter): Name = "ComponentLink1Description"; Value = "http://isocom.com/wp-content/uploads/2017/08/DD93205_IS341W_17-01-17.pdf?src-supplier=Digikey"; VariantName = "[No Variations]"
Add component (AddParameter): Name = "ComponentLink1URL"; Value = "http://isocom.com/wp-content/uploads/2017/08/DD93205_IS341W_17-01-17.pdf?src-supplier=Digikey"; VariantName = "[No Variations]"
Add component (AddParameter): Name = "Manufacturer"; Value = "Isocom"; VariantName = "[No Variations]"
Add component (AddParameter): Name = "Manufacturer Part Number"; Value = "IS341W"; VariantName = "[No Variations]"
Add component (AddParameter): Name = "Pricing"; Value = "1=2.2, 10=1.429, 100=1.0327, 500=0.87664 (USD)"; VariantName = "[No Variations]"
Add component (AddParameter): Name = "RoHS"; Value = "Yes"; VariantName = "[No Variations]"
Add component (AddParameter): Name = "Stock"; Value = "232"; VariantName = "[No Variations]"
Add component (AddParameter): Name = "Supplier"; Value = "Digikey"; VariantName = "[No Variations]"
Add component (AddParameter): Name = "Supplier Part Number"; Value = "IS341WCT-ND"; VariantName = "[No Variations]"
Added Pin To Net: NetName=ISENSE_Power Pin=C29-2
Added Pin To Net: NetName=ISENSE_Power Pin=C30-2
Added Pin To Net: NetName=ISENSE_Power Pin=D10-1
Added Pin To Net: NetName=VCC Pin=R10-2
Added Pin To Net: NetName=ISENSE_Power Pin=R35-2
Added Pin To Net: NetName=PGND Pin=U6-1
Added Pin To Net: NetName=VCC_LR Pin=U6-2
Added Pin To Net: NetName=ISENSE_Power Pin=U6-3
Added Pin To Net: NetName=PWM Pin=U?-1
Added Pin To Net: NetName=PWM Pin=U?-1
Added Pin To Net: NetName=PGND Pin=U?-3
Added Pin To Net: NetName=PGND Pin=U?-3
Added Pin To Net: NetName=GND_ISO Pin=U?-4
Added Pin To Net: NetName=ISENSE_Power Pin=U?-4
Added Pin To Net: NetName=VCC_ISO Pin=U?-6
Change Net Name : Old Net Name=GND_ISO New Net Name=GND_ISO_T
Change Net Name : Old Net Name=ISENSE_Power New Net Name=GND_ISO_B
Change Net Name : Old Net Name=NetC14_2 New Net Name=NetC16_2
Change Net Name : Old Net Name=NetC17_1 New Net Name=NetC19_1
Change Net Name : Old Net Name=NetC17_2 New Net Name=NetC19_2
Change Net Name : Old Net Name=NetC18_2 New Net Name=NetC23_2
Change Net Name : Old Net Name=NetC19_1 New Net Name=NetC26_1
Change Net Name : Old Net Name=NetC20_2 New Net Name=NetC27_2
Change Net Name : Old Net Name=NetC28_2 New Net Name=NetC15_2
Change Net Name : Old Net Name=NetD6_1 New Net Name=NetD7_1
Change Net Name : Old Net Name=NetR14_2 New Net Name=NetR7_2
Change Net Name : Old Net Name=NetR17_1 New Net Name=NetR11_1
Change Net Name : Old Net Name=NetR21_2 New Net Name=NetR19_2
Change Net Name : Old Net Name=VCC_ISO New Net Name=VCC_ISO_T
Added Pin To Net: NetName=NetR30_2 Pin=R30-2
Added Pin To Net: NetName=NetR30_2 Pin=U?-5
Added Net: Name=NetR30_2
Added Pin To Net: NetName=NetR33_2 Pin=R33-2
Added Pin To Net: NetName=NetR33_2 Pin=U?-5
Added Net: Name=NetR33_2
Added Pin To Net: NetName=VCC_ISO_B Pin=C29-1
Added Pin To Net: NetName=VCC_ISO_B Pin=C30-1
Added Pin To Net: NetName=VCC_ISO_B Pin=U6-4
Added Pin To Net: NetName=VCC_ISO_B Pin=U?-6
Added Net: Name=VCC_ISO_B
Added Member To Class: ClassName=Sheet1 Member=Component C29 CC0805JKX7R9BB105
Added Member To Class: ClassName=Sheet1 Member=Component C30 C0805C104J5RAC7800
Added Member To Class: ClassName=Sheet1 Member=Component R14 13-RT1206BRE071RL-ND
Added Member To Class: ClassName=Sheet1 Member=Component R15 13-RT1206BRE071RL-ND
Added Member To Class: ClassName=Sheet1 Member=Component U? IS341WTR-ND
Added Member To Class: ClassName=Sheet1 Member=Component U? IS341WTR-ND
Added Room: Name=Sheet1
