Removed Pin From Net: NetName=Vout Pin=R21-1
Change Component Footprint: Designator=H1 Old Footprint=HEATSINK 02 New Footprint=HEATSINK 01
Change Component Footprint: Designator=H2 Old Footprint=HEATSINK 02 New Footprint=HEATSINK 01
Change Component Footprint: Designator=H3 Old Footprint=HEATSINK 02 New Footprint=HEATSINK 01
Change Component Comment : Designator=R25 Old Comment=CRT0805-BY-5001EAS New Comment=RG20P10.0KBTR-ND
Change Component Comment : Designator=C19 Old Comment=GRM2195C1H103JA01D New Comment=C0805C104J5RAC7800
Change Component Designator: OldDesignator=AC Input NewDesignator=P3
Change Component Description : Designator=U6 Old Description=Gate Driver Ic, 1-Ch, 3V-15V, 9.8A, Dso Rohs Compliant: Yes New Description=Gate Driver Ic, 1-Ch, 3V-15V, 9.8A, Dso Rohs Compliant: Yes |Infineon 1EDB8275FXUMA1
Change Component Description : Designator=U7 Old Description=Gate Driver Ic, 1-Ch, 3V-15V, 9.8A, Dso Rohs Compliant: Yes New Description=Gate Driver Ic, 1-Ch, 3V-15V, 9.8A, Dso Rohs Compliant: Yes |Infineon 1EDB8275FXUMA1
Change component parameters: Designator = "C19" ("C19"); Footprint = "Capacitor Ceramic SMD 805"; UniqueID = "\WKAFFYRS" ("\WKAFFYRS")
Change component parameters (AddParameter): Name = "Value"; Value = "100nF, 50V"; VariantName = "[No Variations]"
Change component parameters: Designator = "R25" ("R25"); Footprint = "Resistor SMD 805"; UniqueID = "\DDGLNSPX" ("\DDGLNSPX")
Change component parameters (AddParameter): Name = "LatestRevisionDate"; Value = "17-Jul-2002"; VariantName = "[No Variations]"
Change component parameters (AddParameter): Name = "LatestRevisionNote"; Value = "Re-released for DXP Platform."; VariantName = "[No Variations]"
Change component parameters (AddParameter): Name = "PackageDescription"; Value = "Axial Device, Thru-Hole; 2 Leads; 0.3 in Pin Spacing"; VariantName = "[No Variations]"
Change component parameters (AddParameter): Name = "PackageReference"; Value = "AXIAL-0.3"; VariantName = "[No Variations]"
Change component parameters (AddParameter): Name = "Published"; Value = "8-Jun-2000"; VariantName = "[No Variations]"
Change component parameters (AddParameter): Name = "Publisher"; Value = "Altium Limited"; VariantName = "[No Variations]"
Change component parameters (AddParameter): Name = "Value"; Value = "10 K"; VariantName = "[No Variations]"
Added Component: Designator=C27(Capacitor Ceramic SMD 1206)
Add component (AddParameter): Name = "Value"; Value = "100nF, 50V"; VariantName = "[No Variations]"
Added Component: Designator=C28(Capacitor Ceramic SMD 1206)
Add component (AddParameter): Name = "Value"; Value = "68nF, 50V"; VariantName = "[No Variations]"
Added Component: Designator=D10(Diode Zener SMD SOD-123 01)
Add component (AddParameter): Name = "ComponentLink1Description"; Value = "Manufacturer Link"; VariantName = "[No Variations]"
Add component (AddParameter): Name = "ComponentLink1URL"; Value = "http://www.irf.com/"; VariantName = "[No Variations]"
Add component (AddParameter): Name = "ComponentLink2Description"; Value = "Datasheet"; VariantName = "[No Variations]"
Add component (AddParameter): Name = "ComponentLink2URL"; Value = "http://www.irf.com/product-info/datasheets/data/18tq.pdf"; VariantName = "[No Variations]"
Add component (AddParameter): Name = "DatasheetVersion"; Value = "Dec-1997"; VariantName = "[No Variations]"
Add component (AddParameter): Name = "LatestRevisionDate"; Value = "17-Jul-2002"; VariantName = "[No Variations]"
Add component (AddParameter): Name = "LatestRevisionNote"; Value = "Re-released for DXP Platform."; VariantName = "[No Variations]"
Add component (AddParameter): Name = "Note"; Value = "Terminal 2 is the TAB and is electrically connected to the cathode"; VariantName = "[No Variations]"
Add component (AddParameter): Name = "PackageDescription"; Value = "TO, Thru-Hole, Vertical, Heatsink Mounted; 3 In-Line Leads (1 Absent); Pitch 2.54 mm"; VariantName = "[No Variations]"
Add component (AddParameter): Name = "PackageReference"; Value = "TO-220AC"; VariantName = "[No Variations]"
Add component (AddParameter): Name = "PackageVersion"; Value = "Feb-1998"; VariantName = "[No Variations]"
Add component (AddParameter): Name = "Published"; Value = "8-Jun-2000"; VariantName = "[No Variations]"
Add component (AddParameter): Name = "Publisher"; Value = "Altium Limited"; VariantName = "[No Variations]"
Added Component: Designator=Q3(BJT NPN SMD DPAK TO-252)
Add component (AddParameter): Name = "ComponentLink1Description"; Value = "Manufacturer Link"; VariantName = "[No Variations]"
Add component (AddParameter): Name = "ComponentLink1URL"; Value = "http://www.fairchildsemi.com/"; VariantName = "[No Variations]"
Add component (AddParameter): Name = "ComponentLink2Description"; Value = "Datasheet"; VariantName = "[No Variations]"
Add component (AddParameter): Name = "ComponentLink2URL"; Value = "http://www.fairchildsemi.com/ds/2N%2F2N3904.pdf"; VariantName = "[No Variations]"
Add component (AddParameter): Name = "DatasheetVersion"; Value = "1997"; VariantName = "[No Variations]"
Add component (AddParameter): Name = "LatestRevisionDate"; Value = "15-Jan-2003"; VariantName = "[No Variations]"
Add component (AddParameter): Name = "LatestRevisionNote"; Value = "PCB Footprint 'BCY-W3/D4.7' replaced"; VariantName = "[No Variations]"
Add component (AddParameter): Name = "PackageDescription"; Value = "TO, Flat Index; 3 In-Line, Axial Leads; Body Dia. 4.5mm; Leads 0.51 x 0.48 mm (max)"; VariantName = "[No Variations]"
Add component (AddParameter): Name = "PackageReference"; Value = "TO-92A"; VariantName = "[No Variations]"
Add component (AddParameter): Name = "PackageVersion"; Value = "Sep-1998"; VariantName = "[No Variations]"
Add component (AddParameter): Name = "Published"; Value = "8-Jun-2000"; VariantName = "[No Variations]"
Add component (AddParameter): Name = "Publisher"; Value = "Altium Limited"; VariantName = "[No Variations]"
Added Component: Designator=R38(Resistor SMD 805)
Add component (AddParameter): Name = "LatestRevisionDate"; Value = "17-Jul-2002"; VariantName = "[No Variations]"
Add component (AddParameter): Name = "LatestRevisionNote"; Value = "Re-released for DXP Platform."; VariantName = "[No Variations]"
Add component (AddParameter): Name = "PackageDescription"; Value = "Axial Device, Thru-Hole; 2 Leads; 0.3 in Pin Spacing"; VariantName = "[No Variations]"
Add component (AddParameter): Name = "PackageReference"; Value = "AXIAL-0.3"; VariantName = "[No Variations]"
Add component (AddParameter): Name = "Published"; Value = "8-Jun-2000"; VariantName = "[No Variations]"
Add component (AddParameter): Name = "Publisher"; Value = "Altium Limited"; VariantName = "[No Variations]"
Add component (AddParameter): Name = "Value"; Value = "2.7 K"; VariantName = "[No Variations]"
Added Pin To Net: NetName=GND Pin=C27-1
Added Pin To Net: NetName=GND Pin=C28-1
Added Pin To Net: NetName=GND Pin=D10-1
Added Pin To Net: NetName=Vout Pin=Q3-3
Added Pin To Net: NetName=Vout Pin=R38-1
Added Pin To Net: NetName=20V Pin=C27-2
Added Pin To Net: NetName=20V Pin=Q3-2
Added Pin To Net: NetName=20V Pin=R21-1
Added Net: Name=20V
Added Pin To Net: NetName=NetC28_2 Pin=C28-2
Added Pin To Net: NetName=NetC28_2 Pin=D10-2
Added Pin To Net: NetName=NetC28_2 Pin=Q3-1
Added Pin To Net: NetName=NetC28_2 Pin=R38-2
Added Net: Name=NetC28_2
Added Member To Class: ClassName=Sheet1 Member=Component C27 478-KGM21NR71H104JTTR-ND
Added Member To Class: ClassName=Sheet1 Member=Component C28 KGM21NR71H683JT
Added Member To Class: ClassName=Sheet1 Member=Component D10 BZT52C20-7-F
Added Member To Class: ClassName=Sheet1 Member=Component Q3 2STD1665T4
Added Member To Class: ClassName=Sheet1 Member=Component R38 P2.7KDATR-ND
