Removed Pin From Net: NetName=GND_ISO_T Pin=T1-1
Removed Pin From Net: NetName=NetD2_1 Pin=T1-2
Removed Pin From Net: NetName=NetD5_1 Pin=T1-3
Removed Pin From Net: NetName=PGND Pin=T1-4
Removed Pin From Net: NetName=NetD3_1 Pin=T1-5
Removed Pin From Net: NetName=GND Pin=T1-6
Removed Member From Class: ClassName=Sheet1 Member=T1
Added Component: Designator=T?(CustomTransformer-ELE713)
Add component. Clean all parameters for all variants
Add component (AddParameter): Name = "LatestRevisionDate"; Value = "17-Jul-2002"; VariantName = "[No Variations]"
Add component (AddParameter): Name = "LatestRevisionNote"; Value = "Re-released for DXP Platform."; VariantName = "[No Variations]"
Add component (AddParameter): Name = "PackageDescription"; Value = "Transformer; 8 Leads"; VariantName = "[No Variations]"
Add component (AddParameter): Name = "PackageReference"; Value = "TRF_8"; VariantName = "[No Variations]"
Add component (AddParameter): Name = "Published"; Value = "25-Jan-2001"; VariantName = "[No Variations]"
Add component (AddParameter): Name = "Publisher"; Value = "Altium Limited"; VariantName = "[No Variations]"
Added Pin To Net: NetName=GND_ISO_T Pin=T?-1
Added Pin To Net: NetName=NetD2_1 Pin=T?-2
Added Pin To Net: NetName=NetD5_1 Pin=T?-3
Added Pin To Net: NetName=PGND Pin=T?-4
Added Pin To Net: NetName=NetD3_1 Pin=T?-5
Added Pin To Net: NetName=GND Pin=T?-6
